Using pre-set license
Built from '2021.3/staging' branch; Version is '2021.3.8f1 (b30333d56e81) revision 11731763'; Using compiler version '192829333'; Build Type 'Release'
OS: 'Windows 10  (10.0.19044) 64bit Professional' Language: 'ru' Physical Memory: 16331 MB
BatchMode: 1, IsHumanControllingUs: 0, StartBugReporterOnCrash: 0, Is64bit: 1, IsPro: 1

COMMAND LINE ARGUMENTS:
C:\Program Files\Unity\Hub\Editor\2021.3.8f1\Editor\Unity.exe
-adb2
-batchMode
-noUpm
-name
AssetImportWorker4
-projectPath
C:/Users/Юрец/OneDrive/Документы/Visual Studio 2019/Projects/Practices/practice_5
-logFile
Logs/AssetImportWorker4.log
-srvPort
50614
Successfully changed project path to: C:/Users/Юрец/OneDrive/Документы/Visual Studio 2019/Projects/Practices/practice_5
C:/Users/Юрец/OneDrive/Документы/Visual Studio 2019/Projects/Practices/practice_5
[UnityMemory] Configuration Parameters - Can be set up in boot.config
    "memorysetup-bucket-allocator-granularity=16"
    "memorysetup-bucket-allocator-bucket-count=8"
    "memorysetup-bucket-allocator-block-size=33554432"
    "memorysetup-bucket-allocator-block-count=8"
    "memorysetup-main-allocator-block-size=16777216"
    "memorysetup-thread-allocator-block-size=16777216"
    "memorysetup-gfx-main-allocator-block-size=16777216"
    "memorysetup-gfx-thread-allocator-block-size=16777216"
    "memorysetup-cache-allocator-block-size=4194304"
    "memorysetup-typetree-allocator-block-size=2097152"
    "memorysetup-profiler-bucket-allocator-granularity=16"
    "memorysetup-profiler-bucket-allocator-bucket-count=8"
    "memorysetup-profiler-bucket-allocator-block-size=33554432"
    "memorysetup-profiler-bucket-allocator-block-count=8"
    "memorysetup-profiler-allocator-block-size=16777216"
    "memorysetup-profiler-editor-allocator-block-size=1048576"
    "memorysetup-temp-allocator-size-main=16777216"
    "memorysetup-job-temp-allocator-block-size=2097152"
    "memorysetup-job-temp-allocator-block-size-background=1048576"
    "memorysetup-job-temp-allocator-reduction-small-platforms=262144"
    "memorysetup-temp-allocator-size-background-worker=32768"
    "memorysetup-temp-allocator-size-job-worker=262144"
    "memorysetup-temp-allocator-size-preload-manager=33554432"
    "memorysetup-temp-allocator-size-nav-mesh-worker=65536"
    "memorysetup-temp-allocator-size-audio-worker=65536"
    "memorysetup-temp-allocator-size-cloud-worker=32768"
    "memorysetup-temp-allocator-size-gi-baking-worker=262144"
    "memorysetup-temp-allocator-size-gfx=262144"
Refreshing native plugins compatible for Editor in 149.21 ms, found 3 plugins.
Preloading 0 native plugins for Editor in 0.00 ms.
Initialize engine version: 2021.3.8f1 (b30333d56e81)
[Subsystems] Discovering subsystems at path C:/Program Files/Unity/Hub/Editor/2021.3.8f1/Editor/Data/Resources/UnitySubsystems
[Subsystems] Discovering subsystems at path C:/Users/Юрец/OneDrive/Документы/Visual Studio 2019/Projects/Practices/practice_5/Assets
GfxDevice: creating device client; threaded=0; jobified=0
Direct3D:
    Version:  Direct3D 11.0 [level 11.1]
    Renderer: Radeon RX 590 Series (ID=0x67df)
    Vendor:   ATI
    VRAM:     8170 MB
    Driver:   31.0.12027.7000
Initialize mono
Mono path[0] = 'C:/Program Files/Unity/Hub/Editor/2021.3.8f1/Editor/Data/Managed'
Mono path[1] = 'C:/Program Files/Unity/Hub/Editor/2021.3.8f1/Editor/Data/MonoBleedingEdge/lib/mono/unityjit-win32'
Mono config path = 'C:/Program Files/Unity/Hub/Editor/2021.3.8f1/Editor/Data/MonoBleedingEdge/etc'
Using monoOptions --debugger-agent=transport=dt_socket,embedding=1,server=y,suspend=n,address=127.0.0.1:56724
Begin MonoManager ReloadAssembly
Registering precompiled unity dll's ...
Register platform support module: C:/Program Files/Unity/Hub/Editor/2021.3.8f1/Editor/Data/PlaybackEngines/AndroidPlayer/UnityEditor.Android.Extensions.dll
Register platform support module: C:/Program Files/Unity/Hub/Editor/2021.3.8f1/Editor/Data/PlaybackEngines/iOSSupport/UnityEditor.iOS.Extensions.dll
Register platform support module: C:/Program Files/Unity/Hub/Editor/2021.3.8f1/Editor/Data/PlaybackEngines/WindowsStandaloneSupport/UnityEditor.WindowsStandalone.Extensions.dll
Registered in 0.016687 seconds.
Native extension for WindowsStandalone target not found
[usbmuxd] Start listen thread
[usbmuxd] Listen thread started
Native extension for iOS target not found
Native extension for Android target not found
Refreshing native plugins compatible for Editor in 127.80 ms, found 3 plugins.
Preloading 0 native plugins for Editor in 0.00 ms.
Mono: successfully reloaded assembly
- Completed reload, in  0.973 seconds
Domain Reload Profiling:
	ReloadAssembly (974ms)
		BeginReloadAssembly (129ms)
			ExecutionOrderSort (0ms)
			DisableScriptedObjects (0ms)
			BackupInstance (0ms)
			ReleaseScriptingObjects (0ms)
			CreateAndSetChildDomain (1ms)
		EndReloadAssembly (675ms)
			LoadAssemblies (125ms)
			RebuildTransferFunctionScriptingTraits (0ms)
			SetupTypeCache (152ms)
			ReleaseScriptCaches (0ms)
			RebuildScriptCaches (37ms)
			SetupLoadedEditorAssemblies (417ms)
				LogAssemblyErrors (0ms)
				InitializePlatformSupportModulesInManaged (99ms)
				SetLoadedEditorAssemblies (0ms)
				RefreshPlugins (128ms)
				BeforeProcessingInitializeOnLoad (1ms)
				ProcessInitializeOnLoadAttributes (125ms)
				ProcessInitializeOnLoadMethodAttributes (62ms)
				AfterProcessingInitializeOnLoad (0ms)
				EditorAssembliesLoaded (0ms)
			ExecutionOrderSort2 (0ms)
			AwakeInstancesAfterBackupRestoration (0ms)
Platform modules already initialized, skipping
Registering precompiled user dll's ...
Registered in 0.014618 seconds.
Begin MonoManager ReloadAssembly
Symbol file LoadedFromMemory doesn't match image C:\Users\Юрец\OneDrive\Документы\Visual Studio 2019\Projects\Practices\practice_5\Library\PackageCache\com.unity.visualscripting@1.7.8\Editor\VisualScripting.Core\Dependencies\YamlDotNet\Unity.VisualScripting.YamlDotNet.dll
Symbol file LoadedFromMemory doesn't match image C:\Users\Юрец\OneDrive\Документы\Visual Studio 2019\Projects\Practices\practice_5\Library\PackageCache\com.unity.visualscripting@1.7.8\Editor\VisualScripting.Core\Dependencies\DotNetZip\Unity.VisualScripting.IonicZip.dll
Native extension for WindowsStandalone target not found
Native extension for iOS target not found
Native extension for Android target not found
Refreshing native plugins compatible for Editor in 124.05 ms, found 3 plugins.
Preloading 0 native plugins for Editor in 0.00 ms.
Mono: successfully reloaded assembly
- Completed reload, in  1.665 seconds
Domain Reload Profiling:
	ReloadAssembly (1665ms)
		BeginReloadAssembly (255ms)
			ExecutionOrderSort (0ms)
			DisableScriptedObjects (7ms)
			BackupInstance (0ms)
			ReleaseScriptingObjects (0ms)
			CreateAndSetChildDomain (134ms)
		EndReloadAssembly (1258ms)
			LoadAssemblies (117ms)
			RebuildTransferFunctionScriptingTraits (0ms)
			SetupTypeCache (346ms)
			ReleaseScriptCaches (1ms)
			RebuildScriptCaches (71ms)
			SetupLoadedEditorAssemblies (662ms)
				LogAssemblyErrors (0ms)
				InitializePlatformSupportModulesInManaged (33ms)
				SetLoadedEditorAssemblies (0ms)
				RefreshPlugins (124ms)
				BeforeProcessingInitializeOnLoad (121ms)
				ProcessInitializeOnLoadAttributes (338ms)
				ProcessInitializeOnLoadMethodAttributes (29ms)
				AfterProcessingInitializeOnLoad (16ms)
				EditorAssembliesLoaded (0ms)
			ExecutionOrderSort2 (0ms)
			AwakeInstancesAfterBackupRestoration (6ms)
Platform modules already initialized, skipping
========================================================================
Worker process is ready to serve import requests
Launched and connected shader compiler UnityShaderCompiler.exe after 0.07 seconds
Refreshing native plugins compatible for Editor in 0.76 ms, found 3 plugins.
Preloading 0 native plugins for Editor in 0.00 ms.
Unloading 3751 Unused Serialized files (Serialized files now loaded: 0)
Unloading 30 unused Assets / (111.7 KB). Loaded Objects now: 4212.
Memory consumption went from 135.9 MB to 135.8 MB.
Total: 4.435800 ms (FindLiveObjects: 0.366200 ms CreateObjectMapping: 0.118000 ms MarkObjects: 3.786200 ms  DeleteObjects: 0.163700 ms)

AssetImportParameters requested are different than current active one (requested -> active):
  custom:video-decoder-ogg-theora: a1e56fd34408186e4bbccfd4996cb3dc -> 
  custom:container-muxer-webm: aa71ff27fc2769a1b78a27578f13a17b -> 
  custom:container-demuxer-webm: 4f35f7cbe854078d1ac9338744f61a02 -> 
  custom:video-encoder-webm-vp8: eb34c28f22e8b96e1ab97ce403110664 -> 
  custom:audio-encoder-webm-vorbis: bf7c407c2cedff20999df2af8eb42d56 -> 
  custom:framework-win-MediaFoundation: 216162199b28c13a410421893ffa2e32 -> 
  custom:container-demuxer-ogg: 62fdf1f143b41e24485cea50d1cbac27 -> 
  custom:video-decoder-webm-vp8: 9c59270c3fd7afecdb556c50c9e8de78 -> 
  custom:audio-decoder-ogg-vorbis: bf7c407c2cedff20999df2af8eb42d56 -> 
========================================================================
Received Import Request.
  Time since last request: 656226.852116 seconds.
  path: Assets/Assets_DevilsWorkshop/2D/View-Ortho/images/arch_000.png
  artifactKey: Guid(ab7d3c3bf78ff3f438b47383e1109815) Importer(815301076,1909f56bfc062723c751e8b465ee728b)
Start importing Assets/Assets_DevilsWorkshop/2D/View-Ortho/images/arch_000.png using Guid(ab7d3c3bf78ff3f438b47383e1109815) Importer(815301076,1909f56bfc062723c751e8b465ee728b)  -> (artifact id: '15389616c11f825a130c48f62c0f6de1') in 0.208747 seconds 
========================================================================
Received Import Request.
  Time since last request: 0.000055 seconds.
  path: Assets/Assets_DevilsWorkshop/2D/View-Ortho/images/bridgeWooden01_0000.png
  artifactKey: Guid(dae318c894c6d634d81ab9af96ae5008) Importer(815301076,1909f56bfc062723c751e8b465ee728b)
Start importing Assets/Assets_DevilsWorkshop/2D/View-Ortho/images/bridgeWooden01_0000.png using Guid(dae318c894c6d634d81ab9af96ae5008) Importer(815301076,1909f56bfc062723c751e8b465ee728b)  -> (artifact id: 'b60673ba9864bfc195724310c3eebe6c') in 0.035028 seconds 
========================================================================
Received Import Request.
  Time since last request: 0.000044 seconds.
  path: Assets/Assets_DevilsWorkshop/2D/View-Ortho/images/boxCardboard_0000.png
  artifactKey: Guid(291ae24be1cf6c348b601b83e43bb4b8) Importer(815301076,1909f56bfc062723c751e8b465ee728b)
Start importing Assets/Assets_DevilsWorkshop/2D/View-Ortho/images/boxCardboard_0000.png using Guid(291ae24be1cf6c348b601b83e43bb4b8) Importer(815301076,1909f56bfc062723c751e8b465ee728b)  -> (artifact id: 'fb57cf09c33dc7e2b0d68ef2e2119c7a') in 0.032906 seconds 
========================================================================
Received Import Request.
  Time since last request: 0.000035 seconds.
  path: Assets/Assets_DevilsWorkshop/2D/View-Ortho/images/boxWooden_0006.png
  artifactKey: Guid(dc5ff58bc2d083c419af6b79bcb7be77) Importer(815301076,1909f56bfc062723c751e8b465ee728b)
Start importing Assets/Assets_DevilsWorkshop/2D/View-Ortho/images/boxWooden_0006.png using Guid(dc5ff58bc2d083c419af6b79bcb7be77) Importer(815301076,1909f56bfc062723c751e8b465ee728b)  -> (artifact id: 'b36d566840505efe5cf7adf02e64862d') in 0.032122 seconds 
========================================================================
Received Import Request.
  Time since last request: 0.000031 seconds.
  path: Assets/Assets_DevilsWorkshop/2D/View-Ortho/images/bridgeWooden02_0001.png
  artifactKey: Guid(bc75bdd61bbc765489d5f28bcb9d4ac0) Importer(815301076,1909f56bfc062723c751e8b465ee728b)
Start importing Assets/Assets_DevilsWorkshop/2D/View-Ortho/images/bridgeWooden02_0001.png using Guid(bc75bdd61bbc765489d5f28bcb9d4ac0) Importer(815301076,1909f56bfc062723c751e8b465ee728b)  -> (artifact id: '43cd418713075e74d9ef4fb71d3a63e0') in 0.033786 seconds 
========================================================================
Received Import Request.
  Time since last request: 0.000029 seconds.
  path: Assets/Assets_DevilsWorkshop/2D/View-Ortho/images/bridgeWooden03_0001.png
  artifactKey: Guid(fe67d5fe0b0ec0f4e97e0da21ae23b8e) Importer(815301076,1909f56bfc062723c751e8b465ee728b)
Start importing Assets/Assets_DevilsWorkshop/2D/View-Ortho/images/bridgeWooden03_0001.png using Guid(fe67d5fe0b0ec0f4e97e0da21ae23b8e) Importer(815301076,1909f56bfc062723c751e8b465ee728b)  -> (artifact id: '0cf61bfe5bfbb166cccbbfe7a9bd7d4b') in 0.029630 seconds 
========================================================================
Received Import Request.
  Time since last request: 0.000072 seconds.
  path: Assets/Assets_DevilsWorkshop/2D/View-Ortho/images/bridgeWooden03_0000.png
  artifactKey: Guid(3fd703b637ba32f4fa7bd7445c5dbff8) Importer(815301076,1909f56bfc062723c751e8b465ee728b)
Start importing Assets/Assets_DevilsWorkshop/2D/View-Ortho/images/bridgeWooden03_0000.png using Guid(3fd703b637ba32f4fa7bd7445c5dbff8) Importer(815301076,1909f56bfc062723c751e8b465ee728b)  -> (artifact id: '1c4625196e95404e7192a1e16ecc06c9') in 0.028984 seconds 
========================================================================
Received Import Request.
  Time since last request: 0.000037 seconds.
  path: Assets/Assets_DevilsWorkshop/2D/View-Ortho/images/BoulderSpike0004.png
  artifactKey: Guid(89cf0e5e06d32df48979197f7a9f890e) Importer(815301076,1909f56bfc062723c751e8b465ee728b)
Start importing Assets/Assets_DevilsWorkshop/2D/View-Ortho/images/BoulderSpike0004.png using Guid(89cf0e5e06d32df48979197f7a9f890e) Importer(815301076,1909f56bfc062723c751e8b465ee728b)  -> (artifact id: '23ae5b40e299520a3580999ce7495244') in 0.034443 seconds 
========================================================================
Received Import Request.
  Time since last request: 0.000045 seconds.
  path: Assets/Assets_DevilsWorkshop/2D/View-Ortho/images/bed0000.png
  artifactKey: Guid(26192102de14c3a4e9884bf32bd0801e) Importer(815301076,1909f56bfc062723c751e8b465ee728b)
Start importing Assets/Assets_DevilsWorkshop/2D/View-Ortho/images/bed0000.png using Guid(26192102de14c3a4e9884bf32bd0801e) Importer(815301076,1909f56bfc062723c751e8b465ee728b)  -> (artifact id: '820dba50a40fdbbc59be4e400a5086af') in 0.037911 seconds 
========================================================================
Received Import Request.
  Time since last request: 0.000031 seconds.
  path: Assets/Assets_DevilsWorkshop/2D/View-Ortho/images/beer0001.png
  artifactKey: Guid(6527d6567172c6e438d439f32f350f92) Importer(815301076,1909f56bfc062723c751e8b465ee728b)
Start importing Assets/Assets_DevilsWorkshop/2D/View-Ortho/images/beer0001.png using Guid(6527d6567172c6e438d439f32f350f92) Importer(815301076,1909f56bfc062723c751e8b465ee728b)  -> (artifact id: '38b0886e501ae061bdb1f213f36df1a4') in 0.032638 seconds 
========================================================================
Received Import Request.
  Time since last request: 0.000070 seconds.
  path: Assets/Assets_DevilsWorkshop/2D/View-Ortho/images/button_red0002.png
  artifactKey: Guid(0edae45b33490224b9c83f1cc54ae274) Importer(815301076,1909f56bfc062723c751e8b465ee728b)
Start importing Assets/Assets_DevilsWorkshop/2D/View-Ortho/images/button_red0002.png using Guid(0edae45b33490224b9c83f1cc54ae274) Importer(815301076,1909f56bfc062723c751e8b465ee728b)  -> (artifact id: '06657f5b62d1e42c2c2db091a3b9248f') in 0.047039 seconds 
========================================================================
Received Import Request.
  Time since last request: 0.000030 seconds.
  path: Assets/Assets_DevilsWorkshop/2D/View-Ortho/images/button_red0003.png
  artifactKey: Guid(f39ad77a1e0755e4aa85bc8a5638ae08) Importer(815301076,1909f56bfc062723c751e8b465ee728b)
Start importing Assets/Assets_DevilsWorkshop/2D/View-Ortho/images/button_red0003.png using Guid(f39ad77a1e0755e4aa85bc8a5638ae08) Importer(815301076,1909f56bfc062723c751e8b465ee728b)  -> (artifact id: '89bffea63622a12200716c0efb06de50') in 0.042948 seconds 
========================================================================
Received Import Request.
  Time since last request: 0.000026 seconds.
  path: Assets/Assets_DevilsWorkshop/2D/View-Ortho/images/bridgeWoodenRails0002.png
  artifactKey: Guid(4284ce721cd222049923c1366dbf7bf9) Importer(815301076,1909f56bfc062723c751e8b465ee728b)
Start importing Assets/Assets_DevilsWorkshop/2D/View-Ortho/images/bridgeWoodenRails0002.png using Guid(4284ce721cd222049923c1366dbf7bf9) Importer(815301076,1909f56bfc062723c751e8b465ee728b)  -> (artifact id: 'a1c7559fcce9c68ca7f2c5b3cd4f3240') in 0.028298 seconds 
========================================================================
Received Import Request.
  Time since last request: 0.000042 seconds.
  path: Assets/Assets_DevilsWorkshop/2D/View-Ortho/images/bridgeWoodenRails0003.png
  artifactKey: Guid(4bb9aea7897b8994d9ba7ae70c768173) Importer(815301076,1909f56bfc062723c751e8b465ee728b)
Start importing Assets/Assets_DevilsWorkshop/2D/View-Ortho/images/bridgeWoodenRails0003.png using Guid(4bb9aea7897b8994d9ba7ae70c768173) Importer(815301076,1909f56bfc062723c751e8b465ee728b)  -> (artifact id: '0d1ab6388d29b3077a9e146602b69e3b') in 0.033669 seconds 
========================================================================
Received Import Request.
  Time since last request: 0.000045 seconds.
  path: Assets/Assets_DevilsWorkshop/2D/View-Ortho/images/arch_006.png
  artifactKey: Guid(46e0b643177414a4597eb46d299f45ef) Importer(815301076,1909f56bfc062723c751e8b465ee728b)
Start importing Assets/Assets_DevilsWorkshop/2D/View-Ortho/images/arch_006.png using Guid(46e0b643177414a4597eb46d299f45ef) Importer(815301076,1909f56bfc062723c751e8b465ee728b)  -> (artifact id: 'f5bcd652c14962f1c1d6b0115633c341') in 0.027640 seconds 
========================================================================
Received Import Request.
  Time since last request: 0.000030 seconds.
  path: Assets/Assets_DevilsWorkshop/2D/View-Ortho/images/boxGift_0000.png
  artifactKey: Guid(4617b215c231adb44ad04c7e8760031a) Importer(815301076,1909f56bfc062723c751e8b465ee728b)
Start importing Assets/Assets_DevilsWorkshop/2D/View-Ortho/images/boxGift_0000.png using Guid(4617b215c231adb44ad04c7e8760031a) Importer(815301076,1909f56bfc062723c751e8b465ee728b)  -> (artifact id: '79035f57a14d25de48437d6fea0fd16e') in 0.027628 seconds 
========================================================================
Received Import Request.
  Time since last request: 0.000042 seconds.
  path: Assets/Assets_DevilsWorkshop/2D/View-Ortho/images/beer0005.png
  artifactKey: Guid(08606a26618bb0b41b53bf290019b83f) Importer(815301076,1909f56bfc062723c751e8b465ee728b)
Start importing Assets/Assets_DevilsWorkshop/2D/View-Ortho/images/beer0005.png using Guid(08606a26618bb0b41b53bf290019b83f) Importer(815301076,1909f56bfc062723c751e8b465ee728b)  -> (artifact id: '5edc41fc20cf4a3fc70f59284abc8527') in 0.030053 seconds 
========================================================================
Received Import Request.
  Time since last request: 0.000024 seconds.
  path: Assets/Assets_DevilsWorkshop/2D/View-Ortho/images/button_red0004.png
  artifactKey: Guid(0c34f57ba5d67de43977777d27045999) Importer(815301076,1909f56bfc062723c751e8b465ee728b)
Start importing Assets/Assets_DevilsWorkshop/2D/View-Ortho/images/button_red0004.png using Guid(0c34f57ba5d67de43977777d27045999) Importer(815301076,1909f56bfc062723c751e8b465ee728b)  -> (artifact id: '2538f87260f717c038c12d823070e86a') in 0.033525 seconds 
========================================================================
Received Import Request.
  Time since last request: 0.000047 seconds.
  path: Assets/Assets_DevilsWorkshop/2D/View-Ortho/images/bridgeWooden01_0001.png
  artifactKey: Guid(25f7f320411570f448bec5cc7086939d) Importer(815301076,1909f56bfc062723c751e8b465ee728b)
Start importing Assets/Assets_DevilsWorkshop/2D/View-Ortho/images/bridgeWooden01_0001.png using Guid(25f7f320411570f448bec5cc7086939d) Importer(815301076,1909f56bfc062723c751e8b465ee728b)  -> (artifact id: 'a2baf3ba4be8ffef3824c928a69786e7') in 0.036777 seconds 
========================================================================
Received Import Request.
  Time since last request: 0.000030 seconds.
  path: Assets/Assets_DevilsWorkshop/2D/View-Ortho/images/boxGift_0005.png
  artifactKey: Guid(1a0d5b8abc36f294ba72258b1a6cc022) Importer(815301076,1909f56bfc062723c751e8b465ee728b)
Start importing Assets/Assets_DevilsWorkshop/2D/View-Ortho/images/boxGift_0005.png using Guid(1a0d5b8abc36f294ba72258b1a6cc022) Importer(815301076,1909f56bfc062723c751e8b465ee728b)  -> (artifact id: '8f1c1300b145281daf63884f7864b178') in 0.030013 seconds 
========================================================================
Received Import Request.
  Time since last request: 0.000042 seconds.
  path: Assets/Assets_DevilsWorkshop/2D/View-Ortho/images/beer0000.png
  artifactKey: Guid(c06f1c2589a1dcc41b385388110af23f) Importer(815301076,1909f56bfc062723c751e8b465ee728b)
Start importing Assets/Assets_DevilsWorkshop/2D/View-Ortho/images/beer0000.png using Guid(c06f1c2589a1dcc41b385388110af23f) Importer(815301076,1909f56bfc062723c751e8b465ee728b)  -> (artifact id: '224a204f2a46015770e71d3d74525792') in 0.030496 seconds 
========================================================================
Received Import Request.
  Time since last request: 0.000046 seconds.
  path: Assets/Assets_DevilsWorkshop/2D/View-Ortho/images/boxCardboard_0003.png
  artifactKey: Guid(c119a03966da74e47a1d93f35a06fcb2) Importer(815301076,1909f56bfc062723c751e8b465ee728b)
Start importing Assets/Assets_DevilsWorkshop/2D/View-Ortho/images/boxCardboard_0003.png using Guid(c119a03966da74e47a1d93f35a06fcb2) Importer(815301076,1909f56bfc062723c751e8b465ee728b)  -> (artifact id: 'd05347ae34f08853f953a882e0b64153') in 0.036447 seconds 
========================================================================
Received Import Request.
  Time since last request: 0.000121 seconds.
  path: Assets/Assets_DevilsWorkshop/2D/View-Ortho/images/bridgeWooden01_0004.png
  artifactKey: Guid(28ac2fb64e727804fa4404040549cc26) Importer(815301076,1909f56bfc062723c751e8b465ee728b)
Start importing Assets/Assets_DevilsWorkshop/2D/View-Ortho/images/bridgeWooden01_0004.png using Guid(28ac2fb64e727804fa4404040549cc26) Importer(815301076,1909f56bfc062723c751e8b465ee728b)  -> (artifact id: '95123b1132b51ef19d9e0cb8d9e9029f') in 0.038752 seconds 
========================================================================
Received Import Request.
  Time since last request: 0.000033 seconds.
  path: Assets/Assets_DevilsWorkshop/2D/View-Ortho/images/bed0007.png
  artifactKey: Guid(04e8dcee6a874554ebf1b4235b0f6ef9) Importer(815301076,1909f56bfc062723c751e8b465ee728b)
Start importing Assets/Assets_DevilsWorkshop/2D/View-Ortho/images/bed0007.png using Guid(04e8dcee6a874554ebf1b4235b0f6ef9) Importer(815301076,1909f56bfc062723c751e8b465ee728b)  -> (artifact id: 'c1825720fb8eb8693fb92160e90d682b') in 0.033197 seconds 
========================================================================
Received Import Request.
  Time since last request: 0.000030 seconds.
  path: Assets/Assets_DevilsWorkshop/2D/View-Ortho/images/bridgeWoodenRails0004.png
  artifactKey: Guid(f0e590c735115cc4b93dea29f128f561) Importer(815301076,1909f56bfc062723c751e8b465ee728b)
Start importing Assets/Assets_DevilsWorkshop/2D/View-Ortho/images/bridgeWoodenRails0004.png using Guid(f0e590c735115cc4b93dea29f128f561) Importer(815301076,1909f56bfc062723c751e8b465ee728b)  -> (artifact id: 'fdecce3d9809899e6981ae40e3ff98e8') in 0.027322 seconds 
========================================================================
Received Import Request.
  Time since last request: 0.000046 seconds.
  path: Assets/Assets_DevilsWorkshop/2D/View-Ortho/images/boxGift_0006.png
  artifactKey: Guid(cc5f1c9f3227c30458de652d4d14d69f) Importer(815301076,1909f56bfc062723c751e8b465ee728b)
Start importing Assets/Assets_DevilsWorkshop/2D/View-Ortho/images/boxGift_0006.png using Guid(cc5f1c9f3227c30458de652d4d14d69f) Importer(815301076,1909f56bfc062723c751e8b465ee728b)  -> (artifact id: 'f09c8aaeb767175824ca0cdf0e7e6da0') in 0.029220 seconds 
========================================================================
Received Import Request.
  Time since last request: 0.000036 seconds.
  path: Assets/Assets_DevilsWorkshop/2D/View-Ortho/images/bridgeWooden02_0002.png
  artifactKey: Guid(a43d578abc71d6a48aa1177558bb3511) Importer(815301076,1909f56bfc062723c751e8b465ee728b)
Start importing Assets/Assets_DevilsWorkshop/2D/View-Ortho/images/bridgeWooden02_0002.png using Guid(a43d578abc71d6a48aa1177558bb3511) Importer(815301076,1909f56bfc062723c751e8b465ee728b)  -> (artifact id: '33806c416adc41585dfb759282ff34e5') in 0.029089 seconds 
========================================================================
Received Import Request.
  Time since last request: 0.000032 seconds.
  path: Assets/Assets_DevilsWorkshop/2D/View-Ortho/images/bench0004.png
  artifactKey: Guid(bfb55f36abc889443bad91f8188e2592) Importer(815301076,1909f56bfc062723c751e8b465ee728b)
Start importing Assets/Assets_DevilsWorkshop/2D/View-Ortho/images/bench0004.png using Guid(bfb55f36abc889443bad91f8188e2592) Importer(815301076,1909f56bfc062723c751e8b465ee728b)  -> (artifact id: 'a002c1419cc9648fe5d4e060d4388930') in 0.027191 seconds 
========================================================================
Received Import Request.
  Time since last request: 0.000024 seconds.
  path: Assets/Assets_DevilsWorkshop/2D/View-Ortho/images/bed0006.png
  artifactKey: Guid(e0e3e5a5799a9a54188024cc3ad252fe) Importer(815301076,1909f56bfc062723c751e8b465ee728b)
Start importing Assets/Assets_DevilsWorkshop/2D/View-Ortho/images/bed0006.png using Guid(e0e3e5a5799a9a54188024cc3ad252fe) Importer(815301076,1909f56bfc062723c751e8b465ee728b)  -> (artifact id: '47c966a302c2c12ea23d13cb77f8b40e') in 0.027862 seconds 
========================================================================
Received Import Request.
  Time since last request: 0.000028 seconds.
  path: Assets/Assets_DevilsWorkshop/2D/View-Ortho/images/BoulderSpike0005.png
  artifactKey: Guid(857494a9531264b45b2681b23c7e9819) Importer(815301076,1909f56bfc062723c751e8b465ee728b)
Start importing Assets/Assets_DevilsWorkshop/2D/View-Ortho/images/BoulderSpike0005.png using Guid(857494a9531264b45b2681b23c7e9819) Importer(815301076,1909f56bfc062723c751e8b465ee728b)  -> (artifact id: '67ff03c8f5e91bc27d2a0a44a67337f0') in 0.027094 seconds 
========================================================================
Received Import Request.
  Time since last request: 0.000028 seconds.
  path: Assets/Assets_DevilsWorkshop/2D/View-Ortho/images/boxWooden_0005.png
  artifactKey: Guid(cf1a747ee92c56b46998a8b24a62c2ef) Importer(815301076,1909f56bfc062723c751e8b465ee728b)
Start importing Assets/Assets_DevilsWorkshop/2D/View-Ortho/images/boxWooden_0005.png using Guid(cf1a747ee92c56b46998a8b24a62c2ef) Importer(815301076,1909f56bfc062723c751e8b465ee728b)  -> (artifact id: 'fa5235497ab5c0e9e900ed1134aef7ec') in 0.025853 seconds 
========================================================================
Received Import Request.
  Time since last request: 0.000032 seconds.
  path: Assets/Assets_DevilsWorkshop/2D/View-Ortho/images/beer0003.png
  artifactKey: Guid(c5eb30dc2e34d4b43a1df926e1a541f2) Importer(815301076,1909f56bfc062723c751e8b465ee728b)
Start importing Assets/Assets_DevilsWorkshop/2D/View-Ortho/images/beer0003.png using Guid(c5eb30dc2e34d4b43a1df926e1a541f2) Importer(815301076,1909f56bfc062723c751e8b465ee728b)  -> (artifact id: 'd23685af9c938f962479f0236d55d263') in 0.024926 seconds 
Editor requested this worker to shutdown with reason: Scaling down because of idle timeout
AssetImportWorker is now disconnected from the server
Process exiting
Exiting without the bug reporter. Application will terminate with return code 0