Using pre-set license
Built from '2021.3/staging' branch; Version is '2021.3.8f1 (b30333d56e81) revision 11731763'; Using compiler version '192829333'; Build Type 'Release'
OS: 'Windows 10  (10.0.19044) 64bit Professional' Language: 'ru' Physical Memory: 16331 MB
BatchMode: 1, IsHumanControllingUs: 0, StartBugReporterOnCrash: 0, Is64bit: 1, IsPro: 1

COMMAND LINE ARGUMENTS:
C:\Program Files\Unity\Hub\Editor\2021.3.8f1\Editor\Unity.exe
-adb2
-batchMode
-noUpm
-name
AssetImportWorker3
-projectPath
C:/Users/Юрец/OneDrive/Документы/Visual Studio 2019/Projects/Practices/practice_5
-logFile
Logs/AssetImportWorker3.log
-srvPort
61552
Successfully changed project path to: C:/Users/Юрец/OneDrive/Документы/Visual Studio 2019/Projects/Practices/practice_5
C:/Users/Юрец/OneDrive/Документы/Visual Studio 2019/Projects/Practices/practice_5
[UnityMemory] Configuration Parameters - Can be set up in boot.config
    "memorysetup-bucket-allocator-granularity=16"
    "memorysetup-bucket-allocator-bucket-count=8"
    "memorysetup-bucket-allocator-block-size=33554432"
    "memorysetup-bucket-allocator-block-count=8"
    "memorysetup-main-allocator-block-size=16777216"
    "memorysetup-thread-allocator-block-size=16777216"
    "memorysetup-gfx-main-allocator-block-size=16777216"
    "memorysetup-gfx-thread-allocator-block-size=16777216"
    "memorysetup-cache-allocator-block-size=4194304"
    "memorysetup-typetree-allocator-block-size=2097152"
    "memorysetup-profiler-bucket-allocator-granularity=16"
    "memorysetup-profiler-bucket-allocator-bucket-count=8"
    "memorysetup-profiler-bucket-allocator-block-size=33554432"
    "memorysetup-profiler-bucket-allocator-block-count=8"
    "memorysetup-profiler-allocator-block-size=16777216"
    "memorysetup-profiler-editor-allocator-block-size=1048576"
    "memorysetup-temp-allocator-size-main=16777216"
    "memorysetup-job-temp-allocator-block-size=2097152"
    "memorysetup-job-temp-allocator-block-size-background=1048576"
    "memorysetup-job-temp-allocator-reduction-small-platforms=262144"
    "memorysetup-temp-allocator-size-background-worker=32768"
    "memorysetup-temp-allocator-size-job-worker=262144"
    "memorysetup-temp-allocator-size-preload-manager=33554432"
    "memorysetup-temp-allocator-size-nav-mesh-worker=65536"
    "memorysetup-temp-allocator-size-audio-worker=65536"
    "memorysetup-temp-allocator-size-cloud-worker=32768"
    "memorysetup-temp-allocator-size-gi-baking-worker=262144"
    "memorysetup-temp-allocator-size-gfx=262144"
Refreshing native plugins compatible for Editor in 199.51 ms, found 3 plugins.
Preloading 0 native plugins for Editor in 0.00 ms.
Initialize engine version: 2021.3.8f1 (b30333d56e81)
[Subsystems] Discovering subsystems at path C:/Program Files/Unity/Hub/Editor/2021.3.8f1/Editor/Data/Resources/UnitySubsystems
[Subsystems] Discovering subsystems at path C:/Users/Юрец/OneDrive/Документы/Visual Studio 2019/Projects/Practices/practice_5/Assets
GfxDevice: creating device client; threaded=0; jobified=0
Direct3D:
    Version:  Direct3D 11.0 [level 11.1]
    Renderer: Radeon RX 590 Series (ID=0x67df)
    Vendor:   ATI
    VRAM:     8170 MB
    Driver:   31.0.12027.7000
Initialize mono
Mono path[0] = 'C:/Program Files/Unity/Hub/Editor/2021.3.8f1/Editor/Data/Managed'
Mono path[1] = 'C:/Program Files/Unity/Hub/Editor/2021.3.8f1/Editor/Data/MonoBleedingEdge/lib/mono/unityjit-win32'
Mono config path = 'C:/Program Files/Unity/Hub/Editor/2021.3.8f1/Editor/Data/MonoBleedingEdge/etc'
Using monoOptions --debugger-agent=transport=dt_socket,embedding=1,server=y,suspend=n,address=127.0.0.1:56344
Begin MonoManager ReloadAssembly
Registering precompiled unity dll's ...
Register platform support module: C:/Program Files/Unity/Hub/Editor/2021.3.8f1/Editor/Data/PlaybackEngines/AndroidPlayer/UnityEditor.Android.Extensions.dll
Register platform support module: C:/Program Files/Unity/Hub/Editor/2021.3.8f1/Editor/Data/PlaybackEngines/iOSSupport/UnityEditor.iOS.Extensions.dll
Register platform support module: C:/Program Files/Unity/Hub/Editor/2021.3.8f1/Editor/Data/PlaybackEngines/WindowsStandaloneSupport/UnityEditor.WindowsStandalone.Extensions.dll
Registered in 0.022690 seconds.
Native extension for WindowsStandalone target not found
[usbmuxd] Start listen thread
[usbmuxd] Listen thread started
Native extension for iOS target not found
Native extension for Android target not found
Refreshing native plugins compatible for Editor in 144.83 ms, found 3 plugins.
Preloading 0 native plugins for Editor in 0.00 ms.
Mono: successfully reloaded assembly
- Completed reload, in  1.170 seconds
Domain Reload Profiling:
	ReloadAssembly (1171ms)
		BeginReloadAssembly (161ms)
			ExecutionOrderSort (0ms)
			DisableScriptedObjects (0ms)
			BackupInstance (0ms)
			ReleaseScriptingObjects (0ms)
			CreateAndSetChildDomain (1ms)
		EndReloadAssembly (771ms)
			LoadAssemblies (156ms)
			RebuildTransferFunctionScriptingTraits (0ms)
			SetupTypeCache (207ms)
			ReleaseScriptCaches (0ms)
			RebuildScriptCaches (38ms)
			SetupLoadedEditorAssemblies (419ms)
				LogAssemblyErrors (0ms)
				InitializePlatformSupportModulesInManaged (85ms)
				SetLoadedEditorAssemblies (0ms)
				RefreshPlugins (145ms)
				BeforeProcessingInitializeOnLoad (2ms)
				ProcessInitializeOnLoadAttributes (132ms)
				ProcessInitializeOnLoadMethodAttributes (54ms)
				AfterProcessingInitializeOnLoad (0ms)
				EditorAssembliesLoaded (0ms)
			ExecutionOrderSort2 (0ms)
			AwakeInstancesAfterBackupRestoration (0ms)
Platform modules already initialized, skipping
Registering precompiled user dll's ...
Registered in 0.013843 seconds.
Begin MonoManager ReloadAssembly
Symbol file LoadedFromMemory doesn't match image C:\Users\Юрец\OneDrive\Документы\Visual Studio 2019\Projects\Practices\practice_5\Library\PackageCache\com.unity.visualscripting@1.7.8\Editor\VisualScripting.Core\Dependencies\YamlDotNet\Unity.VisualScripting.YamlDotNet.dll
Symbol file LoadedFromMemory doesn't match image C:\Users\Юрец\OneDrive\Документы\Visual Studio 2019\Projects\Practices\practice_5\Library\PackageCache\com.unity.visualscripting@1.7.8\Editor\VisualScripting.Core\Dependencies\DotNetZip\Unity.VisualScripting.IonicZip.dll
Native extension for WindowsStandalone target not found
Native extension for iOS target not found
Native extension for Android target not found
Refreshing native plugins compatible for Editor in 142.97 ms, found 3 plugins.
Preloading 0 native plugins for Editor in 0.00 ms.
Mono: successfully reloaded assembly
- Completed reload, in  1.730 seconds
Domain Reload Profiling:
	ReloadAssembly (1731ms)
		BeginReloadAssembly (273ms)
			ExecutionOrderSort (0ms)
			DisableScriptedObjects (8ms)
			BackupInstance (0ms)
			ReleaseScriptingObjects (0ms)
			CreateAndSetChildDomain (129ms)
		EndReloadAssembly (1298ms)
			LoadAssemblies (139ms)
			RebuildTransferFunctionScriptingTraits (0ms)
			SetupTypeCache (369ms)
			ReleaseScriptCaches (1ms)
			RebuildScriptCaches (69ms)
			SetupLoadedEditorAssemblies (684ms)
				LogAssemblyErrors (0ms)
				InitializePlatformSupportModulesInManaged (31ms)
				SetLoadedEditorAssemblies (0ms)
				RefreshPlugins (143ms)
				BeforeProcessingInitializeOnLoad (119ms)
				ProcessInitializeOnLoadAttributes (348ms)
				ProcessInitializeOnLoadMethodAttributes (28ms)
				AfterProcessingInitializeOnLoad (15ms)
				EditorAssembliesLoaded (0ms)
			ExecutionOrderSort2 (0ms)
			AwakeInstancesAfterBackupRestoration (6ms)
Platform modules already initialized, skipping
========================================================================
Worker process is ready to serve import requests
Launched and connected shader compiler UnityShaderCompiler.exe after 0.06 seconds
Refreshing native plugins compatible for Editor in 0.85 ms, found 3 plugins.
Preloading 0 native plugins for Editor in 0.00 ms.
Unloading 3922 Unused Serialized files (Serialized files now loaded: 0)
Unloading 43 unused Assets / (181.7 KB). Loaded Objects now: 4382.
Memory consumption went from 141.9 MB to 141.8 MB.
Total: 4.011800 ms (FindLiveObjects: 0.372400 ms CreateObjectMapping: 0.141900 ms MarkObjects: 3.349300 ms  DeleteObjects: 0.146900 ms)

AssetImportParameters requested are different than current active one (requested -> active):
  custom:video-decoder-ogg-theora: a1e56fd34408186e4bbccfd4996cb3dc -> 
  custom:container-muxer-webm: aa71ff27fc2769a1b78a27578f13a17b -> 
  custom:container-demuxer-webm: 4f35f7cbe854078d1ac9338744f61a02 -> 
  custom:video-encoder-webm-vp8: eb34c28f22e8b96e1ab97ce403110664 -> 
  custom:audio-encoder-webm-vorbis: bf7c407c2cedff20999df2af8eb42d56 -> 
  custom:framework-win-MediaFoundation: 216162199b28c13a410421893ffa2e32 -> 
  custom:container-demuxer-ogg: 62fdf1f143b41e24485cea50d1cbac27 -> 
  custom:video-decoder-webm-vp8: 9c59270c3fd7afecdb556c50c9e8de78 -> 
  custom:audio-decoder-ogg-vorbis: bf7c407c2cedff20999df2af8eb42d56 -> 
========================================================================
Received Import Request.
  Time since last request: 1072561.417573 seconds.
  path: Assets/Assets_DevilsWorkshop/3D/Mesh/bridgeWooden02.fbx
  artifactKey: Guid(61fb958456d81b5498658dc429021ac3) Importer(815301076,1909f56bfc062723c751e8b465ee728b)
Start importing Assets/Assets_DevilsWorkshop/3D/Mesh/bridgeWooden02.fbx using Guid(61fb958456d81b5498658dc429021ac3) Importer(815301076,1909f56bfc062723c751e8b465ee728b)  -> (artifact id: 'e81981e076bea074bea95ae09c377f3d') in 0.188419 seconds 
========================================================================
Received Import Request.
  Time since last request: 0.936997 seconds.
  path: Assets/Assets_DevilsWorkshop/3D/Mesh/chestA.fbx
  artifactKey: Guid(072a646707611d649841247a0ca7fe43) Importer(815301076,1909f56bfc062723c751e8b465ee728b)
Start importing Assets/Assets_DevilsWorkshop/3D/Mesh/chestA.fbx using Guid(072a646707611d649841247a0ca7fe43) Importer(815301076,1909f56bfc062723c751e8b465ee728b)  -> (artifact id: '1fefd9948f531f6e7e7dfde5fe5fcd6a') in 0.024688 seconds 
========================================================================
Received Import Request.
  Time since last request: 0.894458 seconds.
  path: Assets/Assets_DevilsWorkshop/3D/Mesh/diceB.fbx
  artifactKey: Guid(6dacb1007f0f0d6448f57687ab56568c) Importer(815301076,1909f56bfc062723c751e8b465ee728b)
Start importing Assets/Assets_DevilsWorkshop/3D/Mesh/diceB.fbx using Guid(6dacb1007f0f0d6448f57687ab56568c) Importer(815301076,1909f56bfc062723c751e8b465ee728b)  -> (artifact id: 'ad454c07323f4183b84915dc02be0b72') in 0.027663 seconds 
========================================================================
Received Import Request.
  Time since last request: 0.074124 seconds.
  path: Assets/Assets_DevilsWorkshop/3D/Mesh/doorB.fbx
  artifactKey: Guid(5666b20591851c8479c9cd578645719b) Importer(815301076,1909f56bfc062723c751e8b465ee728b)
Start importing Assets/Assets_DevilsWorkshop/3D/Mesh/doorB.fbx using Guid(5666b20591851c8479c9cd578645719b) Importer(815301076,1909f56bfc062723c751e8b465ee728b)  -> (artifact id: 'c8613e1c97d47a6fe4cbe91c92b44d09') in 0.028895 seconds 
========================================================================
Received Import Request.
  Time since last request: 0.725633 seconds.
  path: Assets/Assets_DevilsWorkshop/3D/Mesh/gem.fbx
  artifactKey: Guid(b49d90688e6ba7e4495f9d41d23e3f25) Importer(815301076,1909f56bfc062723c751e8b465ee728b)
Start importing Assets/Assets_DevilsWorkshop/3D/Mesh/gem.fbx using Guid(b49d90688e6ba7e4495f9d41d23e3f25) Importer(815301076,1909f56bfc062723c751e8b465ee728b)  -> (artifact id: 'f7b45aaf6e78225172f6fc4e8a9616cc') in 0.031527 seconds 
========================================================================
Received Import Request.
  Time since last request: 0.747228 seconds.
  path: Assets/Assets_DevilsWorkshop/3D/Mesh/ground02Cracked.fbx
  artifactKey: Guid(d35d5e5d90b6d564ca118fbeda3fcb0e) Importer(815301076,1909f56bfc062723c751e8b465ee728b)
Start importing Assets/Assets_DevilsWorkshop/3D/Mesh/ground02Cracked.fbx using Guid(d35d5e5d90b6d564ca118fbeda3fcb0e) Importer(815301076,1909f56bfc062723c751e8b465ee728b)  -> (artifact id: '05d6fe1c367dacd6a186ee1d6cc72dc9') in 0.031344 seconds 
========================================================================
Received Import Request.
  Time since last request: 0.044885 seconds.
  path: Assets/Assets_DevilsWorkshop/3D/Mesh/groundSpike01.fbx
  artifactKey: Guid(e9d931164cc828f48aa3ef1ef63433bc) Importer(815301076,1909f56bfc062723c751e8b465ee728b)
Start importing Assets/Assets_DevilsWorkshop/3D/Mesh/groundSpike01.fbx using Guid(e9d931164cc828f48aa3ef1ef63433bc) Importer(815301076,1909f56bfc062723c751e8b465ee728b)  -> (artifact id: 'caf9a77f7415d1bed27ae3a5f2499b23') in 0.032120 seconds 
========================================================================
Received Import Request.
  Time since last request: 0.660997 seconds.
  path: Assets/Assets_DevilsWorkshop/3D/Mesh/lock.fbx
  artifactKey: Guid(c22dbd1b065b1624591257a03780b3ab) Importer(815301076,1909f56bfc062723c751e8b465ee728b)
Start importing Assets/Assets_DevilsWorkshop/3D/Mesh/lock.fbx using Guid(c22dbd1b065b1624591257a03780b3ab) Importer(815301076,1909f56bfc062723c751e8b465ee728b)  -> (artifact id: 'a93264c142b84ebdc9e95506df2a9525') in 0.032091 seconds 
========================================================================
Received Import Request.
  Time since last request: 0.657622 seconds.
  path: Assets/Assets_DevilsWorkshop/3D/Mesh/Rock.fbx
  artifactKey: Guid(5dd3ba05e3623a745ad9f4b80c28236c) Importer(815301076,1909f56bfc062723c751e8b465ee728b)
Start importing Assets/Assets_DevilsWorkshop/3D/Mesh/Rock.fbx using Guid(5dd3ba05e3623a745ad9f4b80c28236c) Importer(815301076,1909f56bfc062723c751e8b465ee728b)  -> (artifact id: 'f2b07bb01773fdf6ed64101b77a82efa') in 0.038373 seconds 
========================================================================
Received Import Request.
  Time since last request: 0.000031 seconds.
  path: Assets/Assets_DevilsWorkshop/3D/Mesh/scissor.fbx
  artifactKey: Guid(906686ad555b58c4f80bedb5554a1106) Importer(815301076,1909f56bfc062723c751e8b465ee728b)
Start importing Assets/Assets_DevilsWorkshop/3D/Mesh/scissor.fbx using Guid(906686ad555b58c4f80bedb5554a1106) Importer(815301076,1909f56bfc062723c751e8b465ee728b)  -> (artifact id: 'b79771054b78961e187db6affbadcbea') in 0.036166 seconds 
========================================================================
Received Import Request.
  Time since last request: 0.189234 seconds.
  path: Assets/Assets_DevilsWorkshop/3D/Mesh/wallEarth01.fbx
  artifactKey: Guid(46de8ceaade6a244ebedd97ff8862bca) Importer(815301076,1909f56bfc062723c751e8b465ee728b)
Start importing Assets/Assets_DevilsWorkshop/3D/Mesh/wallEarth01.fbx using Guid(46de8ceaade6a244ebedd97ff8862bca) Importer(815301076,1909f56bfc062723c751e8b465ee728b)  -> (artifact id: 'ec704030f705b69d4fc0f44878ace309') in 0.034460 seconds 
========================================================================
Received Import Request.
  Time since last request: 0.136790 seconds.
  path: Assets/Assets_DevilsWorkshop/3D/Mesh/wallStone01 6.fbx
  artifactKey: Guid(8592418d84109d74a91e4a8c328f3093) Importer(815301076,1909f56bfc062723c751e8b465ee728b)
Start importing Assets/Assets_DevilsWorkshop/3D/Mesh/wallStone01 6.fbx using Guid(8592418d84109d74a91e4a8c328f3093) Importer(815301076,1909f56bfc062723c751e8b465ee728b)  -> (artifact id: '77a05ff78cf767c033a6aafa44d07f8b') in 0.138972 seconds 
========================================================================
Received Prepare
Registering precompiled user dll's ...
Registered in 0.016301 seconds.
Begin MonoManager ReloadAssembly
Symbol file LoadedFromMemory doesn't match image C:\Users\Юрец\OneDrive\Документы\Visual Studio 2019\Projects\Practices\practice_5\Library\PackageCache\com.unity.visualscripting@1.7.8\Editor\VisualScripting.Core\Dependencies\YamlDotNet\Unity.VisualScripting.YamlDotNet.dll
Symbol file LoadedFromMemory doesn't match image C:\Users\Юрец\OneDrive\Документы\Visual Studio 2019\Projects\Practices\practice_5\Library\PackageCache\com.unity.visualscripting@1.7.8\Editor\VisualScripting.Core\Dependencies\DotNetZip\Unity.VisualScripting.IonicZip.dll
Native extension for WindowsStandalone target not found
Native extension for iOS target not found
Native extension for Android target not found
Refreshing native plugins compatible for Editor in 1.57 ms, found 3 plugins.
Preloading 0 native plugins for Editor in 0.00 ms.
Mono: successfully reloaded assembly
- Completed reload, in  1.900 seconds
Domain Reload Profiling:
	ReloadAssembly (1901ms)
		BeginReloadAssembly (237ms)
			ExecutionOrderSort (0ms)
			DisableScriptedObjects (6ms)
			BackupInstance (0ms)
			ReleaseScriptingObjects (0ms)
			CreateAndSetChildDomain (68ms)
		EndReloadAssembly (1493ms)
			LoadAssemblies (167ms)
			RebuildTransferFunctionScriptingTraits (0ms)
			SetupTypeCache (446ms)
			ReleaseScriptCaches (2ms)
			RebuildScriptCaches (93ms)
			SetupLoadedEditorAssemblies (714ms)
				LogAssemblyErrors (0ms)
				InitializePlatformSupportModulesInManaged (66ms)
				SetLoadedEditorAssemblies (1ms)
				RefreshPlugins (2ms)
				BeforeProcessingInitializeOnLoad (119ms)
				ProcessInitializeOnLoadAttributes (468ms)
				ProcessInitializeOnLoadMethodAttributes (40ms)
				AfterProcessingInitializeOnLoad (19ms)
				EditorAssembliesLoaded (0ms)
			ExecutionOrderSort2 (0ms)
			AwakeInstancesAfterBackupRestoration (8ms)
Platform modules already initialized, skipping
Refreshing native plugins compatible for Editor in 6.12 ms, found 3 plugins.
Preloading 0 native plugins for Editor in 0.00 ms.
Unloading 3904 Unused Serialized files (Serialized files now loaded: 0)
Unloading 22 unused Assets / (149.0 KB). Loaded Objects now: 4408.
Memory consumption went from 145.5 MB to 145.4 MB.
Total: 5.396300 ms (FindLiveObjects: 0.372700 ms CreateObjectMapping: 0.132700 ms MarkObjects: 4.628900 ms  DeleteObjects: 0.260000 ms)

AssetImportParameters requested are different than current active one (requested -> active):
  custom:video-decoder-ogg-theora: a1e56fd34408186e4bbccfd4996cb3dc -> 
  custom:container-muxer-webm: aa71ff27fc2769a1b78a27578f13a17b -> 
  custom:container-demuxer-webm: 4f35f7cbe854078d1ac9338744f61a02 -> 
  custom:video-encoder-webm-vp8: eb34c28f22e8b96e1ab97ce403110664 -> 
  custom:audio-encoder-webm-vorbis: bf7c407c2cedff20999df2af8eb42d56 -> 
  custom:framework-win-MediaFoundation: 216162199b28c13a410421893ffa2e32 -> 
  custom:container-demuxer-ogg: 62fdf1f143b41e24485cea50d1cbac27 -> 
  custom:video-decoder-webm-vp8: 9c59270c3fd7afecdb556c50c9e8de78 -> 
  custom:audio-decoder-ogg-vorbis: bf7c407c2cedff20999df2af8eb42d56 -> 
========================================================================
Received Prepare
Registering precompiled user dll's ...
Registered in 0.014598 seconds.
Begin MonoManager ReloadAssembly
Symbol file LoadedFromMemory doesn't match image C:\Users\Юрец\OneDrive\Документы\Visual Studio 2019\Projects\Practices\practice_5\Library\PackageCache\com.unity.visualscripting@1.7.8\Editor\VisualScripting.Core\Dependencies\YamlDotNet\Unity.VisualScripting.YamlDotNet.dll
Symbol file LoadedFromMemory doesn't match image C:\Users\Юрец\OneDrive\Документы\Visual Studio 2019\Projects\Practices\practice_5\Library\PackageCache\com.unity.visualscripting@1.7.8\Editor\VisualScripting.Core\Dependencies\DotNetZip\Unity.VisualScripting.IonicZip.dll
Native extension for WindowsStandalone target not found
Native extension for iOS target not found
Native extension for Android target not found
Refreshing native plugins compatible for Editor in 0.98 ms, found 3 plugins.
Preloading 0 native plugins for Editor in 0.00 ms.
Mono: successfully reloaded assembly
- Completed reload, in  1.778 seconds
Domain Reload Profiling:
	ReloadAssembly (1779ms)
		BeginReloadAssembly (211ms)
			ExecutionOrderSort (0ms)
			DisableScriptedObjects (7ms)
			BackupInstance (0ms)
			ReleaseScriptingObjects (0ms)
			CreateAndSetChildDomain (54ms)
		EndReloadAssembly (1419ms)
			LoadAssemblies (163ms)
			RebuildTransferFunctionScriptingTraits (0ms)
			SetupTypeCache (429ms)
			ReleaseScriptCaches (2ms)
			RebuildScriptCaches (80ms)
			SetupLoadedEditorAssemblies (681ms)
				LogAssemblyErrors (0ms)
				InitializePlatformSupportModulesInManaged (56ms)
				SetLoadedEditorAssemblies (1ms)
				RefreshPlugins (1ms)
				BeforeProcessingInitializeOnLoad (124ms)
				ProcessInitializeOnLoadAttributes (431ms)
				ProcessInitializeOnLoadMethodAttributes (47ms)
				AfterProcessingInitializeOnLoad (21ms)
				EditorAssembliesLoaded (0ms)
			ExecutionOrderSort2 (0ms)
			AwakeInstancesAfterBackupRestoration (8ms)
Platform modules already initialized, skipping
Refreshing native plugins compatible for Editor in 5.37 ms, found 3 plugins.
Preloading 0 native plugins for Editor in 0.00 ms.
Unloading 3904 Unused Serialized files (Serialized files now loaded: 0)
Unloading 22 unused Assets / (149.1 KB). Loaded Objects now: 4423.
Memory consumption went from 145.5 MB to 145.4 MB.
Total: 4.915500 ms (FindLiveObjects: 0.350800 ms CreateObjectMapping: 0.124500 ms MarkObjects: 4.307400 ms  DeleteObjects: 0.131500 ms)

AssetImportParameters requested are different than current active one (requested -> active):
  custom:video-decoder-ogg-theora: a1e56fd34408186e4bbccfd4996cb3dc -> 
  custom:container-muxer-webm: aa71ff27fc2769a1b78a27578f13a17b -> 
  custom:container-demuxer-webm: 4f35f7cbe854078d1ac9338744f61a02 -> 
  custom:video-encoder-webm-vp8: eb34c28f22e8b96e1ab97ce403110664 -> 
  custom:audio-encoder-webm-vorbis: bf7c407c2cedff20999df2af8eb42d56 -> 
  custom:framework-win-MediaFoundation: 216162199b28c13a410421893ffa2e32 -> 
  custom:container-demuxer-ogg: 62fdf1f143b41e24485cea50d1cbac27 -> 
  custom:video-decoder-webm-vp8: 9c59270c3fd7afecdb556c50c9e8de78 -> 
  custom:audio-decoder-ogg-vorbis: bf7c407c2cedff20999df2af8eb42d56 -> 
========================================================================
Received Prepare
Registering precompiled user dll's ...
Registered in 0.015069 seconds.
Begin MonoManager ReloadAssembly
Symbol file LoadedFromMemory doesn't match image C:\Users\Юрец\OneDrive\Документы\Visual Studio 2019\Projects\Practices\practice_5\Library\PackageCache\com.unity.visualscripting@1.7.8\Editor\VisualScripting.Core\Dependencies\YamlDotNet\Unity.VisualScripting.YamlDotNet.dll
Symbol file LoadedFromMemory doesn't match image C:\Users\Юрец\OneDrive\Документы\Visual Studio 2019\Projects\Practices\practice_5\Library\PackageCache\com.unity.visualscripting@1.7.8\Editor\VisualScripting.Core\Dependencies\DotNetZip\Unity.VisualScripting.IonicZip.dll
Native extension for WindowsStandalone target not found
Native extension for iOS target not found
Native extension for Android target not found
Refreshing native plugins compatible for Editor in 1.78 ms, found 3 plugins.
Preloading 0 native plugins for Editor in 0.00 ms.
Mono: successfully reloaded assembly
- Completed reload, in  1.880 seconds
Domain Reload Profiling:
	ReloadAssembly (1881ms)
		BeginReloadAssembly (251ms)
			ExecutionOrderSort (0ms)
			DisableScriptedObjects (8ms)
			BackupInstance (0ms)
			ReleaseScriptingObjects (0ms)
			CreateAndSetChildDomain (62ms)
		EndReloadAssembly (1412ms)
			LoadAssemblies (192ms)
			RebuildTransferFunctionScriptingTraits (0ms)
			SetupTypeCache (433ms)
			ReleaseScriptCaches (2ms)
			RebuildScriptCaches (73ms)
			SetupLoadedEditorAssemblies (664ms)
				LogAssemblyErrors (0ms)
				InitializePlatformSupportModulesInManaged (55ms)
				SetLoadedEditorAssemblies (1ms)
				RefreshPlugins (2ms)
				BeforeProcessingInitializeOnLoad (120ms)
				ProcessInitializeOnLoadAttributes (422ms)
				ProcessInitializeOnLoadMethodAttributes (44ms)
				AfterProcessingInitializeOnLoad (20ms)
				EditorAssembliesLoaded (0ms)
			ExecutionOrderSort2 (0ms)
			AwakeInstancesAfterBackupRestoration (9ms)
Platform modules already initialized, skipping
Refreshing native plugins compatible for Editor in 3.68 ms, found 3 plugins.
Preloading 0 native plugins for Editor in 0.00 ms.
Unloading 3904 Unused Serialized files (Serialized files now loaded: 0)
Unloading 22 unused Assets / (148.9 KB). Loaded Objects now: 4438.
Memory consumption went from 145.5 MB to 145.4 MB.
Total: 4.329200 ms (FindLiveObjects: 0.328300 ms CreateObjectMapping: 0.095500 ms MarkObjects: 3.766400 ms  DeleteObjects: 0.138000 ms)

AssetImportParameters requested are different than current active one (requested -> active):
  custom:video-decoder-ogg-theora: a1e56fd34408186e4bbccfd4996cb3dc -> 
  custom:container-muxer-webm: aa71ff27fc2769a1b78a27578f13a17b -> 
  custom:container-demuxer-webm: 4f35f7cbe854078d1ac9338744f61a02 -> 
  custom:video-encoder-webm-vp8: eb34c28f22e8b96e1ab97ce403110664 -> 
  custom:audio-encoder-webm-vorbis: bf7c407c2cedff20999df2af8eb42d56 -> 
  custom:framework-win-MediaFoundation: 216162199b28c13a410421893ffa2e32 -> 
  custom:container-demuxer-ogg: 62fdf1f143b41e24485cea50d1cbac27 -> 
  custom:video-decoder-webm-vp8: 9c59270c3fd7afecdb556c50c9e8de78 -> 
  custom:audio-decoder-ogg-vorbis: bf7c407c2cedff20999df2af8eb42d56 -> 
========================================================================
Received Prepare
Registering precompiled user dll's ...
Registered in 0.012895 seconds.
Begin MonoManager ReloadAssembly
Symbol file LoadedFromMemory doesn't match image C:\Users\Юрец\OneDrive\Документы\Visual Studio 2019\Projects\Practices\practice_5\Library\PackageCache\com.unity.visualscripting@1.7.8\Editor\VisualScripting.Core\Dependencies\YamlDotNet\Unity.VisualScripting.YamlDotNet.dll
Symbol file LoadedFromMemory doesn't match image C:\Users\Юрец\OneDrive\Документы\Visual Studio 2019\Projects\Practices\practice_5\Library\PackageCache\com.unity.visualscripting@1.7.8\Editor\VisualScripting.Core\Dependencies\DotNetZip\Unity.VisualScripting.IonicZip.dll
Native extension for WindowsStandalone target not found
Native extension for iOS target not found
Native extension for Android target not found
Refreshing native plugins compatible for Editor in 0.90 ms, found 3 plugins.
Preloading 0 native plugins for Editor in 0.00 ms.
Mono: successfully reloaded assembly
- Completed reload, in  1.488 seconds
Domain Reload Profiling:
	ReloadAssembly (1489ms)
		BeginReloadAssembly (211ms)
			ExecutionOrderSort (0ms)
			DisableScriptedObjects (7ms)
			BackupInstance (0ms)
			ReleaseScriptingObjects (0ms)
			CreateAndSetChildDomain (50ms)
		EndReloadAssembly (1125ms)
			LoadAssemblies (155ms)
			RebuildTransferFunctionScriptingTraits (0ms)
			SetupTypeCache (371ms)
			ReleaseScriptCaches (2ms)
			RebuildScriptCaches (55ms)
			SetupLoadedEditorAssemblies (515ms)
				LogAssemblyErrors (0ms)
				InitializePlatformSupportModulesInManaged (43ms)
				SetLoadedEditorAssemblies (1ms)
				RefreshPlugins (1ms)
				BeforeProcessingInitializeOnLoad (108ms)
				ProcessInitializeOnLoadAttributes (314ms)
				ProcessInitializeOnLoadMethodAttributes (33ms)
				AfterProcessingInitializeOnLoad (14ms)
				EditorAssembliesLoaded (0ms)
			ExecutionOrderSort2 (0ms)
			AwakeInstancesAfterBackupRestoration (6ms)
Platform modules already initialized, skipping
Refreshing native plugins compatible for Editor in 4.00 ms, found 3 plugins.
Preloading 0 native plugins for Editor in 0.00 ms.
Unloading 3904 Unused Serialized files (Serialized files now loaded: 0)
Unloading 22 unused Assets / (149.0 KB). Loaded Objects now: 4453.
Memory consumption went from 145.6 MB to 145.4 MB.
Total: 4.436400 ms (FindLiveObjects: 0.348600 ms CreateObjectMapping: 0.100700 ms MarkObjects: 3.860100 ms  DeleteObjects: 0.125600 ms)

AssetImportParameters requested are different than current active one (requested -> active):
  custom:video-decoder-ogg-theora: a1e56fd34408186e4bbccfd4996cb3dc -> 
  custom:container-muxer-webm: aa71ff27fc2769a1b78a27578f13a17b -> 
  custom:container-demuxer-webm: 4f35f7cbe854078d1ac9338744f61a02 -> 
  custom:video-encoder-webm-vp8: eb34c28f22e8b96e1ab97ce403110664 -> 
  custom:audio-encoder-webm-vorbis: bf7c407c2cedff20999df2af8eb42d56 -> 
  custom:framework-win-MediaFoundation: 216162199b28c13a410421893ffa2e32 -> 
  custom:container-demuxer-ogg: 62fdf1f143b41e24485cea50d1cbac27 -> 
  custom:video-decoder-webm-vp8: 9c59270c3fd7afecdb556c50c9e8de78 -> 
  custom:audio-decoder-ogg-vorbis: bf7c407c2cedff20999df2af8eb42d56 -> 
========================================================================
Received Import Request.
  Time since last request: 1171.672004 seconds.
  path: Assets/Prefabs/PoisonPotion.prefab
  artifactKey: Guid(f5af7c6ab860b94469011888ae694da1) Importer(815301076,1909f56bfc062723c751e8b465ee728b)
Start importing Assets/Prefabs/PoisonPotion.prefab using Guid(f5af7c6ab860b94469011888ae694da1) Importer(815301076,1909f56bfc062723c751e8b465ee728b)  -> (artifact id: 'de1acf0ab4fd91a58d5fe066cc2fb3ed') in 0.151431 seconds 
========================================================================
Received Prepare
Registering precompiled user dll's ...
Registered in 0.013043 seconds.
Begin MonoManager ReloadAssembly
Symbol file LoadedFromMemory doesn't match image C:\Users\Юрец\OneDrive\Документы\Visual Studio 2019\Projects\Practices\practice_5\Library\PackageCache\com.unity.visualscripting@1.7.8\Editor\VisualScripting.Core\Dependencies\YamlDotNet\Unity.VisualScripting.YamlDotNet.dll
Symbol file LoadedFromMemory doesn't match image C:\Users\Юрец\OneDrive\Документы\Visual Studio 2019\Projects\Practices\practice_5\Library\PackageCache\com.unity.visualscripting@1.7.8\Editor\VisualScripting.Core\Dependencies\DotNetZip\Unity.VisualScripting.IonicZip.dll
Native extension for WindowsStandalone target not found
Native extension for iOS target not found
Native extension for Android target not found
Refreshing native plugins compatible for Editor in 1.44 ms, found 3 plugins.
Preloading 0 native plugins for Editor in 0.00 ms.
Mono: successfully reloaded assembly
- Completed reload, in  1.796 seconds
Domain Reload Profiling:
	ReloadAssembly (1797ms)
		BeginReloadAssembly (218ms)
			ExecutionOrderSort (0ms)
			DisableScriptedObjects (5ms)
			BackupInstance (0ms)
			ReleaseScriptingObjects (0ms)
			CreateAndSetChildDomain (52ms)
		EndReloadAssembly (1422ms)
			LoadAssemblies (174ms)
			RebuildTransferFunctionScriptingTraits (0ms)
			SetupTypeCache (441ms)
			ReleaseScriptCaches (2ms)
			RebuildScriptCaches (74ms)
			SetupLoadedEditorAssemblies (678ms)
				LogAssemblyErrors (0ms)
				InitializePlatformSupportModulesInManaged (50ms)
				SetLoadedEditorAssemblies (1ms)
				RefreshPlugins (2ms)
				BeforeProcessingInitializeOnLoad (120ms)
				ProcessInitializeOnLoadAttributes (442ms)
				ProcessInitializeOnLoadMethodAttributes (43ms)
				AfterProcessingInitializeOnLoad (21ms)
				EditorAssembliesLoaded (0ms)
			ExecutionOrderSort2 (0ms)
			AwakeInstancesAfterBackupRestoration (9ms)
Platform modules already initialized, skipping
Refreshing native plugins compatible for Editor in 4.10 ms, found 3 plugins.
Preloading 0 native plugins for Editor in 0.00 ms.
Unloading 3904 Unused Serialized files (Serialized files now loaded: 0)
Unloading 22 unused Assets / (149.1 KB). Loaded Objects now: 4468.
Memory consumption went from 145.6 MB to 145.4 MB.
Total: 6.500900 ms (FindLiveObjects: 0.387900 ms CreateObjectMapping: 0.150200 ms MarkObjects: 5.804600 ms  DeleteObjects: 0.156700 ms)

AssetImportParameters requested are different than current active one (requested -> active):
  custom:video-decoder-ogg-theora: a1e56fd34408186e4bbccfd4996cb3dc -> 
  custom:container-muxer-webm: aa71ff27fc2769a1b78a27578f13a17b -> 
  custom:container-demuxer-webm: 4f35f7cbe854078d1ac9338744f61a02 -> 
  custom:video-encoder-webm-vp8: eb34c28f22e8b96e1ab97ce403110664 -> 
  custom:audio-encoder-webm-vorbis: bf7c407c2cedff20999df2af8eb42d56 -> 
  custom:framework-win-MediaFoundation: 216162199b28c13a410421893ffa2e32 -> 
  custom:container-demuxer-ogg: 62fdf1f143b41e24485cea50d1cbac27 -> 
  custom:video-decoder-webm-vp8: 9c59270c3fd7afecdb556c50c9e8de78 -> 
  custom:audio-decoder-ogg-vorbis: bf7c407c2cedff20999df2af8eb42d56 -> 
========================================================================
Received Prepare
Registering precompiled user dll's ...
Registered in 0.013749 seconds.
Begin MonoManager ReloadAssembly
Symbol file LoadedFromMemory doesn't match image C:\Users\Юрец\OneDrive\Документы\Visual Studio 2019\Projects\Practices\practice_5\Library\PackageCache\com.unity.visualscripting@1.7.8\Editor\VisualScripting.Core\Dependencies\YamlDotNet\Unity.VisualScripting.YamlDotNet.dll
Symbol file LoadedFromMemory doesn't match image C:\Users\Юрец\OneDrive\Документы\Visual Studio 2019\Projects\Practices\practice_5\Library\PackageCache\com.unity.visualscripting@1.7.8\Editor\VisualScripting.Core\Dependencies\DotNetZip\Unity.VisualScripting.IonicZip.dll
Native extension for WindowsStandalone target not found
Native extension for iOS target not found
Native extension for Android target not found
Refreshing native plugins compatible for Editor in 0.88 ms, found 3 plugins.
Preloading 0 native plugins for Editor in 0.00 ms.
Mono: successfully reloaded assembly
- Completed reload, in  1.407 seconds
Domain Reload Profiling:
	ReloadAssembly (1408ms)
		BeginReloadAssembly (208ms)
			ExecutionOrderSort (0ms)
			DisableScriptedObjects (6ms)
			BackupInstance (0ms)
			ReleaseScriptingObjects (0ms)
			CreateAndSetChildDomain (62ms)
		EndReloadAssembly (1073ms)
			LoadAssemblies (154ms)
			RebuildTransferFunctionScriptingTraits (0ms)
			SetupTypeCache (319ms)
			ReleaseScriptCaches (2ms)
			RebuildScriptCaches (52ms)
			SetupLoadedEditorAssemblies (514ms)
				LogAssemblyErrors (0ms)
				InitializePlatformSupportModulesInManaged (43ms)
				SetLoadedEditorAssemblies (1ms)
				RefreshPlugins (1ms)
				BeforeProcessingInitializeOnLoad (91ms)
				ProcessInitializeOnLoadAttributes (330ms)
				ProcessInitializeOnLoadMethodAttributes (31ms)
				AfterProcessingInitializeOnLoad (16ms)
				EditorAssembliesLoaded (0ms)
			ExecutionOrderSort2 (0ms)
			AwakeInstancesAfterBackupRestoration (6ms)
Platform modules already initialized, skipping
Refreshing native plugins compatible for Editor in 4.99 ms, found 3 plugins.
Preloading 0 native plugins for Editor in 0.00 ms.
Unloading 3904 Unused Serialized files (Serialized files now loaded: 0)
Unloading 22 unused Assets / (149.1 KB). Loaded Objects now: 4483.
Memory consumption went from 145.6 MB to 145.5 MB.
Total: 4.550000 ms (FindLiveObjects: 0.440900 ms CreateObjectMapping: 0.127600 ms MarkObjects: 3.866000 ms  DeleteObjects: 0.113900 ms)

AssetImportParameters requested are different than current active one (requested -> active):
  custom:video-decoder-ogg-theora: a1e56fd34408186e4bbccfd4996cb3dc -> 
  custom:container-muxer-webm: aa71ff27fc2769a1b78a27578f13a17b -> 
  custom:container-demuxer-webm: 4f35f7cbe854078d1ac9338744f61a02 -> 
  custom:video-encoder-webm-vp8: eb34c28f22e8b96e1ab97ce403110664 -> 
  custom:audio-encoder-webm-vorbis: bf7c407c2cedff20999df2af8eb42d56 -> 
  custom:framework-win-MediaFoundation: 216162199b28c13a410421893ffa2e32 -> 
  custom:container-demuxer-ogg: 62fdf1f143b41e24485cea50d1cbac27 -> 
  custom:video-decoder-webm-vp8: 9c59270c3fd7afecdb556c50c9e8de78 -> 
  custom:audio-decoder-ogg-vorbis: bf7c407c2cedff20999df2af8eb42d56 -> 
========================================================================
Received Prepare
Registering precompiled user dll's ...
Registered in 0.014501 seconds.
Begin MonoManager ReloadAssembly
Symbol file LoadedFromMemory doesn't match image C:\Users\Юрец\OneDrive\Документы\Visual Studio 2019\Projects\Practices\practice_5\Library\PackageCache\com.unity.visualscripting@1.7.8\Editor\VisualScripting.Core\Dependencies\YamlDotNet\Unity.VisualScripting.YamlDotNet.dll
Symbol file LoadedFromMemory doesn't match image C:\Users\Юрец\OneDrive\Документы\Visual Studio 2019\Projects\Practices\practice_5\Library\PackageCache\com.unity.visualscripting@1.7.8\Editor\VisualScripting.Core\Dependencies\DotNetZip\Unity.VisualScripting.IonicZip.dll
Native extension for WindowsStandalone target not found
Native extension for iOS target not found
Native extension for Android target not found
Refreshing native plugins compatible for Editor in 1.50 ms, found 3 plugins.
Preloading 0 native plugins for Editor in 0.00 ms.
Mono: successfully reloaded assembly
- Completed reload, in  1.781 seconds
Domain Reload Profiling:
	ReloadAssembly (1782ms)
		BeginReloadAssembly (231ms)
			ExecutionOrderSort (0ms)
			DisableScriptedObjects (8ms)
			BackupInstance (0ms)
			ReleaseScriptingObjects (0ms)
			CreateAndSetChildDomain (57ms)
		EndReloadAssembly (1364ms)
			LoadAssemblies (171ms)
			RebuildTransferFunctionScriptingTraits (0ms)
			SetupTypeCache (421ms)
			ReleaseScriptCaches (2ms)
			RebuildScriptCaches (73ms)
			SetupLoadedEditorAssemblies (633ms)
				LogAssemblyErrors (0ms)
				InitializePlatformSupportModulesInManaged (50ms)
				SetLoadedEditorAssemblies (1ms)
				RefreshPlugins (2ms)
				BeforeProcessingInitializeOnLoad (111ms)
				ProcessInitializeOnLoadAttributes (412ms)
				ProcessInitializeOnLoadMethodAttributes (40ms)
				AfterProcessingInitializeOnLoad (17ms)
				EditorAssembliesLoaded (0ms)
			ExecutionOrderSort2 (0ms)
			AwakeInstancesAfterBackupRestoration (9ms)
Platform modules already initialized, skipping
Refreshing native plugins compatible for Editor in 5.04 ms, found 3 plugins.
Preloading 0 native plugins for Editor in 0.00 ms.
Unloading 3904 Unused Serialized files (Serialized files now loaded: 0)
Unloading 22 unused Assets / (149.2 KB). Loaded Objects now: 4498.
Memory consumption went from 145.6 MB to 145.5 MB.
Total: 4.054500 ms (FindLiveObjects: 0.324500 ms CreateObjectMapping: 0.095800 ms MarkObjects: 3.515800 ms  DeleteObjects: 0.117100 ms)

AssetImportParameters requested are different than current active one (requested -> active):
  custom:video-decoder-ogg-theora: a1e56fd34408186e4bbccfd4996cb3dc -> 
  custom:container-muxer-webm: aa71ff27fc2769a1b78a27578f13a17b -> 
  custom:container-demuxer-webm: 4f35f7cbe854078d1ac9338744f61a02 -> 
  custom:video-encoder-webm-vp8: eb34c28f22e8b96e1ab97ce403110664 -> 
  custom:audio-encoder-webm-vorbis: bf7c407c2cedff20999df2af8eb42d56 -> 
  custom:framework-win-MediaFoundation: 216162199b28c13a410421893ffa2e32 -> 
  custom:container-demuxer-ogg: 62fdf1f143b41e24485cea50d1cbac27 -> 
  custom:video-decoder-webm-vp8: 9c59270c3fd7afecdb556c50c9e8de78 -> 
  custom:audio-decoder-ogg-vorbis: bf7c407c2cedff20999df2af8eb42d56 -> 
========================================================================
Received Prepare
Registering precompiled user dll's ...
Registered in 0.013650 seconds.
Begin MonoManager ReloadAssembly
Symbol file LoadedFromMemory doesn't match image C:\Users\Юрец\OneDrive\Документы\Visual Studio 2019\Projects\Practices\practice_5\Library\PackageCache\com.unity.visualscripting@1.7.8\Editor\VisualScripting.Core\Dependencies\YamlDotNet\Unity.VisualScripting.YamlDotNet.dll
Symbol file LoadedFromMemory doesn't match image C:\Users\Юрец\OneDrive\Документы\Visual Studio 2019\Projects\Practices\practice_5\Library\PackageCache\com.unity.visualscripting@1.7.8\Editor\VisualScripting.Core\Dependencies\DotNetZip\Unity.VisualScripting.IonicZip.dll
Native extension for WindowsStandalone target not found
Native extension for iOS target not found
Native extension for Android target not found
Refreshing native plugins compatible for Editor in 1.30 ms, found 3 plugins.
Preloading 0 native plugins for Editor in 0.00 ms.
Mono: successfully reloaded assembly
- Completed reload, in  1.554 seconds
Domain Reload Profiling:
	ReloadAssembly (1555ms)
		BeginReloadAssembly (237ms)
			ExecutionOrderSort (0ms)
			DisableScriptedObjects (7ms)
			BackupInstance (0ms)
			ReleaseScriptingObjects (0ms)
			CreateAndSetChildDomain (56ms)
		EndReloadAssembly (1143ms)
			LoadAssemblies (175ms)
			RebuildTransferFunctionScriptingTraits (0ms)
			SetupTypeCache (343ms)
			ReleaseScriptCaches (2ms)
			RebuildScriptCaches (55ms)
			SetupLoadedEditorAssemblies (530ms)
				LogAssemblyErrors (0ms)
				InitializePlatformSupportModulesInManaged (46ms)
				SetLoadedEditorAssemblies (1ms)
				RefreshPlugins (1ms)
				BeforeProcessingInitializeOnLoad (100ms)
				ProcessInitializeOnLoadAttributes (335ms)
				ProcessInitializeOnLoadMethodAttributes (31ms)
				AfterProcessingInitializeOnLoad (15ms)
				EditorAssembliesLoaded (0ms)
			ExecutionOrderSort2 (0ms)
			AwakeInstancesAfterBackupRestoration (7ms)
Platform modules already initialized, skipping
Refreshing native plugins compatible for Editor in 4.34 ms, found 3 plugins.
Preloading 0 native plugins for Editor in 0.00 ms.
Unloading 3904 Unused Serialized files (Serialized files now loaded: 0)
Unloading 22 unused Assets / (149.1 KB). Loaded Objects now: 4513.
Memory consumption went from 145.6 MB to 145.5 MB.
Total: 5.317300 ms (FindLiveObjects: 0.327800 ms CreateObjectMapping: 0.097100 ms MarkObjects: 4.732000 ms  DeleteObjects: 0.158200 ms)

AssetImportParameters requested are different than current active one (requested -> active):
  custom:video-decoder-ogg-theora: a1e56fd34408186e4bbccfd4996cb3dc -> 
  custom:container-muxer-webm: aa71ff27fc2769a1b78a27578f13a17b -> 
  custom:container-demuxer-webm: 4f35f7cbe854078d1ac9338744f61a02 -> 
  custom:video-encoder-webm-vp8: eb34c28f22e8b96e1ab97ce403110664 -> 
  custom:audio-encoder-webm-vorbis: bf7c407c2cedff20999df2af8eb42d56 -> 
  custom:framework-win-MediaFoundation: 216162199b28c13a410421893ffa2e32 -> 
  custom:container-demuxer-ogg: 62fdf1f143b41e24485cea50d1cbac27 -> 
  custom:video-decoder-webm-vp8: 9c59270c3fd7afecdb556c50c9e8de78 -> 
  custom:audio-decoder-ogg-vorbis: bf7c407c2cedff20999df2af8eb42d56 -> 
========================================================================
Received Prepare
Registering precompiled user dll's ...
Registered in 0.013110 seconds.
Begin MonoManager ReloadAssembly
Symbol file LoadedFromMemory doesn't match image C:\Users\Юрец\OneDrive\Документы\Visual Studio 2019\Projects\Practices\practice_5\Library\PackageCache\com.unity.visualscripting@1.7.8\Editor\VisualScripting.Core\Dependencies\YamlDotNet\Unity.VisualScripting.YamlDotNet.dll
Symbol file LoadedFromMemory doesn't match image C:\Users\Юрец\OneDrive\Документы\Visual Studio 2019\Projects\Practices\practice_5\Library\PackageCache\com.unity.visualscripting@1.7.8\Editor\VisualScripting.Core\Dependencies\DotNetZip\Unity.VisualScripting.IonicZip.dll
Native extension for WindowsStandalone target not found
Native extension for iOS target not found
Native extension for Android target not found
Refreshing native plugins compatible for Editor in 1.63 ms, found 3 plugins.
Preloading 0 native plugins for Editor in 0.00 ms.
Mono: successfully reloaded assembly
- Completed reload, in  1.814 seconds
Domain Reload Profiling:
	ReloadAssembly (1815ms)
		BeginReloadAssembly (232ms)
			ExecutionOrderSort (0ms)
			DisableScriptedObjects (7ms)
			BackupInstance (0ms)
			ReleaseScriptingObjects (0ms)
			CreateAndSetChildDomain (54ms)
		EndReloadAssembly (1399ms)
			LoadAssemblies (177ms)
			RebuildTransferFunctionScriptingTraits (0ms)
			SetupTypeCache (442ms)
			ReleaseScriptCaches (2ms)
			RebuildScriptCaches (72ms)
			SetupLoadedEditorAssemblies (652ms)
				LogAssemblyErrors (0ms)
				InitializePlatformSupportModulesInManaged (62ms)
				SetLoadedEditorAssemblies (1ms)
				RefreshPlugins (2ms)
				BeforeProcessingInitializeOnLoad (115ms)
				ProcessInitializeOnLoadAttributes (410ms)
				ProcessInitializeOnLoadMethodAttributes (40ms)
				AfterProcessingInitializeOnLoad (21ms)
				EditorAssembliesLoaded (0ms)
			ExecutionOrderSort2 (0ms)
			AwakeInstancesAfterBackupRestoration (9ms)
Platform modules already initialized, skipping
Refreshing native plugins compatible for Editor in 4.87 ms, found 3 plugins.
Preloading 0 native plugins for Editor in 0.00 ms.
Unloading 3904 Unused Serialized files (Serialized files now loaded: 0)
Unloading 22 unused Assets / (149.1 KB). Loaded Objects now: 4528.
Memory consumption went from 145.7 MB to 145.5 MB.
Total: 5.296200 ms (FindLiveObjects: 0.379800 ms CreateObjectMapping: 0.099000 ms MarkObjects: 4.652400 ms  DeleteObjects: 0.163600 ms)

AssetImportParameters requested are different than current active one (requested -> active):
  custom:video-decoder-ogg-theora: a1e56fd34408186e4bbccfd4996cb3dc -> 
  custom:container-muxer-webm: aa71ff27fc2769a1b78a27578f13a17b -> 
  custom:container-demuxer-webm: 4f35f7cbe854078d1ac9338744f61a02 -> 
  custom:video-encoder-webm-vp8: eb34c28f22e8b96e1ab97ce403110664 -> 
  custom:audio-encoder-webm-vorbis: bf7c407c2cedff20999df2af8eb42d56 -> 
  custom:framework-win-MediaFoundation: 216162199b28c13a410421893ffa2e32 -> 
  custom:container-demuxer-ogg: 62fdf1f143b41e24485cea50d1cbac27 -> 
  custom:video-decoder-webm-vp8: 9c59270c3fd7afecdb556c50c9e8de78 -> 
  custom:audio-decoder-ogg-vorbis: bf7c407c2cedff20999df2af8eb42d56 -> 
========================================================================
Received Prepare
Registering precompiled user dll's ...
Registered in 0.012976 seconds.
Begin MonoManager ReloadAssembly
Symbol file LoadedFromMemory doesn't match image C:\Users\Юрец\OneDrive\Документы\Visual Studio 2019\Projects\Practices\practice_5\Library\PackageCache\com.unity.visualscripting@1.7.8\Editor\VisualScripting.Core\Dependencies\YamlDotNet\Unity.VisualScripting.YamlDotNet.dll
Symbol file LoadedFromMemory doesn't match image C:\Users\Юрец\OneDrive\Документы\Visual Studio 2019\Projects\Practices\practice_5\Library\PackageCache\com.unity.visualscripting@1.7.8\Editor\VisualScripting.Core\Dependencies\DotNetZip\Unity.VisualScripting.IonicZip.dll
Native extension for WindowsStandalone target not found
Native extension for iOS target not found
Native extension for Android target not found
Refreshing native plugins compatible for Editor in 0.91 ms, found 3 plugins.
Preloading 0 native plugins for Editor in 0.00 ms.
Mono: successfully reloaded assembly
- Completed reload, in  1.436 seconds
Domain Reload Profiling:
	ReloadAssembly (1437ms)
		BeginReloadAssembly (194ms)
			ExecutionOrderSort (0ms)
			DisableScriptedObjects (6ms)
			BackupInstance (0ms)
			ReleaseScriptingObjects (0ms)
			CreateAndSetChildDomain (45ms)
		EndReloadAssembly (1103ms)
			LoadAssemblies (148ms)
			RebuildTransferFunctionScriptingTraits (0ms)
			SetupTypeCache (333ms)
			ReleaseScriptCaches (2ms)
			RebuildScriptCaches (57ms)
			SetupLoadedEditorAssemblies (518ms)
				LogAssemblyErrors (0ms)
				InitializePlatformSupportModulesInManaged (41ms)
				SetLoadedEditorAssemblies (1ms)
				RefreshPlugins (1ms)
				BeforeProcessingInitializeOnLoad (93ms)
				ProcessInitializeOnLoadAttributes (323ms)
				ProcessInitializeOnLoadMethodAttributes (41ms)
				AfterProcessingInitializeOnLoad (19ms)
				EditorAssembliesLoaded (0ms)
			ExecutionOrderSort2 (0ms)
			AwakeInstancesAfterBackupRestoration (8ms)
Platform modules already initialized, skipping
Refreshing native plugins compatible for Editor in 3.42 ms, found 3 plugins.
Preloading 0 native plugins for Editor in 0.00 ms.
Unloading 3904 Unused Serialized files (Serialized files now loaded: 0)
Unloading 22 unused Assets / (149.0 KB). Loaded Objects now: 4543.
Memory consumption went from 145.7 MB to 145.5 MB.
Total: 4.561100 ms (FindLiveObjects: 0.360700 ms CreateObjectMapping: 0.099400 ms MarkObjects: 3.916900 ms  DeleteObjects: 0.182600 ms)

AssetImportParameters requested are different than current active one (requested -> active):
  custom:video-decoder-ogg-theora: a1e56fd34408186e4bbccfd4996cb3dc -> 
  custom:container-muxer-webm: aa71ff27fc2769a1b78a27578f13a17b -> 
  custom:container-demuxer-webm: 4f35f7cbe854078d1ac9338744f61a02 -> 
  custom:video-encoder-webm-vp8: eb34c28f22e8b96e1ab97ce403110664 -> 
  custom:audio-encoder-webm-vorbis: bf7c407c2cedff20999df2af8eb42d56 -> 
  custom:framework-win-MediaFoundation: 216162199b28c13a410421893ffa2e32 -> 
  custom:container-demuxer-ogg: 62fdf1f143b41e24485cea50d1cbac27 -> 
  custom:video-decoder-webm-vp8: 9c59270c3fd7afecdb556c50c9e8de78 -> 
  custom:audio-decoder-ogg-vorbis: bf7c407c2cedff20999df2af8eb42d56 -> 
========================================================================
Received Import Request.
  Time since last request: 1668.097091 seconds.
  path: Assets/Prefabs/PoisonPotion.prefab
  artifactKey: Guid(f5af7c6ab860b94469011888ae694da1) Importer(815301076,1909f56bfc062723c751e8b465ee728b)
Start importing Assets/Prefabs/PoisonPotion.prefab using Guid(f5af7c6ab860b94469011888ae694da1) Importer(815301076,1909f56bfc062723c751e8b465ee728b)  -> (artifact id: 'ca018926beacb1bc319d0550fb58cd77') in 0.107833 seconds 
========================================================================
Received Import Request.
  Time since last request: 121.511251 seconds.
  path: Packages/com.unity.cinemachine/Presets/Noise/6D Wobble.asset
  artifactKey: Guid(e9ce97b7a206dc64d90931ea044e0c72) Importer(815301076,1909f56bfc062723c751e8b465ee728b)
Start importing Packages/com.unity.cinemachine/Presets/Noise/6D Wobble.asset using Guid(e9ce97b7a206dc64d90931ea044e0c72) Importer(815301076,1909f56bfc062723c751e8b465ee728b)  -> (artifact id: 'b4e8bb3e61df640e58b48f4928b35bbd') in 0.017385 seconds 
========================================================================
Received Import Request.
  Time since last request: 2.407527 seconds.
  path: Packages/com.unity.inputsystem/InputSystem/Editor/Icons/Add Binding@4x.png
  artifactKey: Guid(862c5ca31844d4a6d9aa804af982ce65) Importer(815301076,1909f56bfc062723c751e8b465ee728b)
Start importing Packages/com.unity.inputsystem/InputSystem/Editor/Icons/Add Binding@4x.png using Guid(862c5ca31844d4a6d9aa804af982ce65) Importer(815301076,1909f56bfc062723c751e8b465ee728b)  -> (artifact id: '14354a0b2dd0a3cd2783331d11d84b66') in 0.080922 seconds 
========================================================================
Received Import Request.
  Time since last request: 0.000045 seconds.
  path: Assets/Assets_DevilsWorkshop/2D/View-Ortho/JPGA/bridgeWoodenRails0006_jpga.png
  artifactKey: Guid(2cc6269453d395147919edd34a18b911) Importer(815301076,1909f56bfc062723c751e8b465ee728b)
Start importing Assets/Assets_DevilsWorkshop/2D/View-Ortho/JPGA/bridgeWoodenRails0006_jpga.png using Guid(2cc6269453d395147919edd34a18b911) Importer(815301076,1909f56bfc062723c751e8b465ee728b)  -> (artifact id: '647d7d462cb07e4651d6ce28009ec86f') in 0.033170 seconds 
========================================================================
Received Import Request.
  Time since last request: 0.000037 seconds.
  path: Assets/Assets_DevilsWorkshop/2D/View-Ortho/images/coinProcJam0006.png
  artifactKey: Guid(c2bea3bbc7ef32840becf52ce07f5f7a) Importer(815301076,1909f56bfc062723c751e8b465ee728b)
Start importing Assets/Assets_DevilsWorkshop/2D/View-Ortho/images/coinProcJam0006.png using Guid(c2bea3bbc7ef32840becf52ce07f5f7a) Importer(815301076,1909f56bfc062723c751e8b465ee728b)  -> (artifact id: 'd8a771e262ff44b07767a0f6e4df1c56') in 0.067827 seconds 
========================================================================
Received Import Request.
  Time since last request: 0.000031 seconds.
  path: Assets/Assets_DevilsWorkshop/2D/View-Ortho/JPGA/ground01Cracked0003_jpga.png
  artifactKey: Guid(2dc07bb41f5b1644aa075ef39aff37c4) Importer(815301076,1909f56bfc062723c751e8b465ee728b)
Start importing Assets/Assets_DevilsWorkshop/2D/View-Ortho/JPGA/ground01Cracked0003_jpga.png using Guid(2dc07bb41f5b1644aa075ef39aff37c4) Importer(815301076,1909f56bfc062723c751e8b465ee728b)  -> (artifact id: '230155438cd51589701c929ffff12216') in 0.034694 seconds 
========================================================================
Received Import Request.
  Time since last request: 0.000036 seconds.
  path: Packages/com.unity.collab-proxy/Editor/PlasticSCM/Assets/Images/d_cloudbuho.png
  artifactKey: Guid(e5600378dd761e64d9423790c482bf36) Importer(815301076,1909f56bfc062723c751e8b465ee728b)
Start importing Packages/com.unity.collab-proxy/Editor/PlasticSCM/Assets/Images/d_cloudbuho.png using Guid(e5600378dd761e64d9423790c482bf36) Importer(815301076,1909f56bfc062723c751e8b465ee728b)  -> (artifact id: '7e1890e1f832e865d444cb21d8d9c5d9') in 0.041773 seconds 
========================================================================
Received Import Request.
  Time since last request: 0.000026 seconds.
  path: Assets/Assets_DevilsWorkshop/2D/View-Ortho/JPGA/ground01Cracked0004_jpga.png
  artifactKey: Guid(3008ea18fccb67f468c531ebacf2524d) Importer(815301076,1909f56bfc062723c751e8b465ee728b)
Start importing Assets/Assets_DevilsWorkshop/2D/View-Ortho/JPGA/ground01Cracked0004_jpga.png using Guid(3008ea18fccb67f468c531ebacf2524d) Importer(815301076,1909f56bfc062723c751e8b465ee728b)  -> (artifact id: 'aef2b8d3fb92e33e986066d594022e33') in 0.026440 seconds 
========================================================================
Received Import Request.
  Time since last request: 0.000040 seconds.
  path: Assets/Assets_DevilsWorkshop/2D/View-Ortho/images/stool0004.png
  artifactKey: Guid(4b4a3ffcded2638429b0671f2607bd9f) Importer(815301076,1909f56bfc062723c751e8b465ee728b)
Start importing Assets/Assets_DevilsWorkshop/2D/View-Ortho/images/stool0004.png using Guid(4b4a3ffcded2638429b0671f2607bd9f) Importer(815301076,1909f56bfc062723c751e8b465ee728b)  -> (artifact id: '2aa7506724cc7a3bff8fb6a9c7c27861') in 0.035427 seconds 
========================================================================
Received Import Request.
  Time since last request: 0.000037 seconds.
  path: Packages/com.unity.timeline/Editor/StyleSheets/Images/DarkSkin/TimelineContinue.png
  artifactKey: Guid(f747f9cdf03f2ff418fe728a77e8cbef) Importer(815301076,1909f56bfc062723c751e8b465ee728b)
Start importing Packages/com.unity.timeline/Editor/StyleSheets/Images/DarkSkin/TimelineContinue.png using Guid(f747f9cdf03f2ff418fe728a77e8cbef) Importer(815301076,1909f56bfc062723c751e8b465ee728b)  -> (artifact id: '0af063368246eaa8ef3815d862a0ee43') in 0.031179 seconds 
========================================================================
Received Import Request.
  Time since last request: 0.000034 seconds.
  path: Assets/Assets_DevilsWorkshop/2D/View-Ortho/JPGA/coinProcJam0004_jpga.png
  artifactKey: Guid(e3bf746b8a6405548a7a5da7ac6e49f2) Importer(815301076,1909f56bfc062723c751e8b465ee728b)
Start importing Assets/Assets_DevilsWorkshop/2D/View-Ortho/JPGA/coinProcJam0004_jpga.png using Guid(e3bf746b8a6405548a7a5da7ac6e49f2) Importer(815301076,1909f56bfc062723c751e8b465ee728b)  -> (artifact id: '3f7fe5143adf4b0f1019c6d3f68ae477') in 0.034693 seconds 
========================================================================
Received Import Request.
  Time since last request: 0.000032 seconds.
  path: Assets/Assets_DevilsWorkshop/2D/View-Ortho/images/wallEarth01_0005.png
  artifactKey: Guid(5b6f0e456fa64bf4dbdf20fc9bb31d46) Importer(815301076,1909f56bfc062723c751e8b465ee728b)
Start importing Assets/Assets_DevilsWorkshop/2D/View-Ortho/images/wallEarth01_0005.png using Guid(5b6f0e456fa64bf4dbdf20fc9bb31d46) Importer(815301076,1909f56bfc062723c751e8b465ee728b)  -> (artifact id: '8192fd4170387c0409bf71202ec00b04') in 0.037064 seconds 
========================================================================
Received Import Request.
  Time since last request: 0.000034 seconds.
  path: Assets/Assets_DevilsWorkshop/2D/View-Ortho/JPGA/woodenBarrel0001_jpga.png
  artifactKey: Guid(cc750b2b50d8bee418913080f2818188) Importer(815301076,1909f56bfc062723c751e8b465ee728b)
Start importing Assets/Assets_DevilsWorkshop/2D/View-Ortho/JPGA/woodenBarrel0001_jpga.png using Guid(cc750b2b50d8bee418913080f2818188) Importer(815301076,1909f56bfc062723c751e8b465ee728b)  -> (artifact id: '3a5a2d8ea90ed7d13f4ed9236d2c74b4') in 0.031932 seconds 
========================================================================
Received Import Request.
  Time since last request: 0.000028 seconds.
  path: Assets/Assets_DevilsWorkshop/2D/View-Ortho/JPGA/wallStone03_0003_jpga.png
  artifactKey: Guid(8363860179edc124d92c7930e7ac3dda) Importer(815301076,1909f56bfc062723c751e8b465ee728b)
Start importing Assets/Assets_DevilsWorkshop/2D/View-Ortho/JPGA/wallStone03_0003_jpga.png using Guid(8363860179edc124d92c7930e7ac3dda) Importer(815301076,1909f56bfc062723c751e8b465ee728b)  -> (artifact id: '030bfbdf58f449c1109e22cf801ecd7a') in 0.027107 seconds 
========================================================================
Received Import Request.
  Time since last request: 0.000029 seconds.
  path: Assets/Assets_DevilsWorkshop/2D/View-Ortho/images/wallEarth01_0004.png
  artifactKey: Guid(a345cbb1586992b4db429d25041bf953) Importer(815301076,1909f56bfc062723c751e8b465ee728b)
Start importing Assets/Assets_DevilsWorkshop/2D/View-Ortho/images/wallEarth01_0004.png using Guid(a345cbb1586992b4db429d25041bf953) Importer(815301076,1909f56bfc062723c751e8b465ee728b)  -> (artifact id: 'b3960c265f1922b17eec5b9eee04471f') in 0.036503 seconds 
========================================================================
Received Import Request.
  Time since last request: 0.000042 seconds.
  path: Assets/Assets_DevilsWorkshop/2D/View-Ortho/JPGA/wallStone03_0005_jpga.png
  artifactKey: Guid(09a0bb4645f3265468707a6e0b12318e) Importer(815301076,1909f56bfc062723c751e8b465ee728b)
Start importing Assets/Assets_DevilsWorkshop/2D/View-Ortho/JPGA/wallStone03_0005_jpga.png using Guid(09a0bb4645f3265468707a6e0b12318e) Importer(815301076,1909f56bfc062723c751e8b465ee728b)  -> (artifact id: 'dce2a908678a4f638b1ed2b84fada6c2') in 0.028868 seconds 
========================================================================
Received Import Request.
  Time since last request: 0.000039 seconds.
  path: Assets/Assets_DevilsWorkshop/2D/View-Ortho/JPGA/woodenBarrel0002_jpga.png
  artifactKey: Guid(870e361ff9cd64746b6392b772385aba) Importer(815301076,1909f56bfc062723c751e8b465ee728b)
Start importing Assets/Assets_DevilsWorkshop/2D/View-Ortho/JPGA/woodenBarrel0002_jpga.png using Guid(870e361ff9cd64746b6392b772385aba) Importer(815301076,1909f56bfc062723c751e8b465ee728b)  -> (artifact id: '6009f7696a22151224d32f8a132c7b0f') in 0.029623 seconds 
========================================================================
Received Import Request.
  Time since last request: 0.000030 seconds.
  path: Assets/Assets_DevilsWorkshop/2D/View-Ortho/JPGA/trapdoorWooden0001_jpga.png
  artifactKey: Guid(1f85b7bd08be0d0428abcef36310b128) Importer(815301076,1909f56bfc062723c751e8b465ee728b)
Start importing Assets/Assets_DevilsWorkshop/2D/View-Ortho/JPGA/trapdoorWooden0001_jpga.png using Guid(1f85b7bd08be0d0428abcef36310b128) Importer(815301076,1909f56bfc062723c751e8b465ee728b)  -> (artifact id: 'e95e5ceb47e4b8ec91a4303e3d64d246') in 0.028021 seconds 
========================================================================
Received Import Request.
  Time since last request: 0.000026 seconds.
  path: Assets/Assets_DevilsWorkshop/2D/View-Ortho/JPGA/bridgeWoodenRails0007_jpga.png
  artifactKey: Guid(a0998118b9ee81d4280fbfdbc8740049) Importer(815301076,1909f56bfc062723c751e8b465ee728b)
Start importing Assets/Assets_DevilsWorkshop/2D/View-Ortho/JPGA/bridgeWoodenRails0007_jpga.png using Guid(a0998118b9ee81d4280fbfdbc8740049) Importer(815301076,1909f56bfc062723c751e8b465ee728b)  -> (artifact id: '3df4fc76ed47d97d466ff1ac3e4d6cda') in 0.027398 seconds 
========================================================================
Received Import Request.
  Time since last request: 0.000034 seconds.
  path: Assets/Assets_DevilsWorkshop/2D/View-Ortho/JPGA/stool0002_jpga.png
  artifactKey: Guid(93aace1f5522ac7458364479967013b4) Importer(815301076,1909f56bfc062723c751e8b465ee728b)
Start importing Assets/Assets_DevilsWorkshop/2D/View-Ortho/JPGA/stool0002_jpga.png using Guid(93aace1f5522ac7458364479967013b4) Importer(815301076,1909f56bfc062723c751e8b465ee728b)  -> (artifact id: '01d09ca55a4cde3c420341cbfba88964') in 0.028358 seconds 
========================================================================
Received Import Request.
  Time since last request: 0.000034 seconds.
  path: Packages/com.unity.collab-proxy/Editor/Collaborate/Assets/Styles/TabView.uss
  artifactKey: Guid(85edc31085b5b4446a25358f42c67726) Importer(815301076,1909f56bfc062723c751e8b465ee728b)
Start importing Packages/com.unity.collab-proxy/Editor/Collaborate/Assets/Styles/TabView.uss using Guid(85edc31085b5b4446a25358f42c67726) Importer(815301076,1909f56bfc062723c751e8b465ee728b)  -> (artifact id: '8d660323134231b62984c5cf6b3914a6') in 0.026810 seconds 
========================================================================
Received Import Request.
  Time since last request: 0.000041 seconds.
  path: Packages/com.unity.collab-proxy/Editor/PlasticSCM/Assets/Images/d_iconbranch.png
  artifactKey: Guid(612c5e166a121e3449dad067fbdc37a4) Importer(815301076,1909f56bfc062723c751e8b465ee728b)
Start importing Packages/com.unity.collab-proxy/Editor/PlasticSCM/Assets/Images/d_iconbranch.png using Guid(612c5e166a121e3449dad067fbdc37a4) Importer(815301076,1909f56bfc062723c751e8b465ee728b)  -> (artifact id: 'a0d525ac6cd1a1b9b02ad525ac1f5da3') in 0.032466 seconds 
========================================================================
Received Import Request.
  Time since last request: 0.000027 seconds.
  path: Packages/com.unity.collab-proxy/Editor/PlasticSCM/Assets/Images/d_iconcheckedoutlocaloverlay@2x.png
  artifactKey: Guid(8d98ab6168c3e91439339f1908b8fe97) Importer(815301076,1909f56bfc062723c751e8b465ee728b)
Start importing Packages/com.unity.collab-proxy/Editor/PlasticSCM/Assets/Images/d_iconcheckedoutlocaloverlay@2x.png using Guid(8d98ab6168c3e91439339f1908b8fe97) Importer(815301076,1909f56bfc062723c751e8b465ee728b)  -> (artifact id: 'fa41ad1c35a520e2433af428386084f8') in 0.033679 seconds 
========================================================================
Received Import Request.
  Time since last request: 0.000029 seconds.
  path: Packages/com.unity.timeline/Editor/StyleSheets/Images/LightSkin/TimelineContinue.png
  artifactKey: Guid(61c21f74972ba8246b3ea400a9231841) Importer(815301076,1909f56bfc062723c751e8b465ee728b)
Start importing Packages/com.unity.timeline/Editor/StyleSheets/Images/LightSkin/TimelineContinue.png using Guid(61c21f74972ba8246b3ea400a9231841) Importer(815301076,1909f56bfc062723c751e8b465ee728b)  -> (artifact id: '6c1db3707b9779f32f7ce3a8d8b69bfa') in 0.023686 seconds 
========================================================================
Received Import Request.
  Time since last request: 0.000027 seconds.
  path: Assets/Assets_DevilsWorkshop/2D/View-Ortho/images/ground01Cracked0004.png
  artifactKey: Guid(bb047ed5e28fc894fa30cbb9def2dd89) Importer(815301076,1909f56bfc062723c751e8b465ee728b)
Start importing Assets/Assets_DevilsWorkshop/2D/View-Ortho/images/ground01Cracked0004.png using Guid(bb047ed5e28fc894fa30cbb9def2dd89) Importer(815301076,1909f56bfc062723c751e8b465ee728b)  -> (artifact id: '14fdefa90056a4bb109ab8d3186f3a14') in 0.034039 seconds 
========================================================================
Received Import Request.
  Time since last request: 0.000086 seconds.
  path: Packages/com.unity.collab-proxy/Editor/Collaborate/Assets/Icons/added-file-light.png
  artifactKey: Guid(397fff6c3885f8343bb65714f0064b5d) Importer(815301076,1909f56bfc062723c751e8b465ee728b)
Start importing Packages/com.unity.collab-proxy/Editor/Collaborate/Assets/Icons/added-file-light.png using Guid(397fff6c3885f8343bb65714f0064b5d) Importer(815301076,1909f56bfc062723c751e8b465ee728b)  -> (artifact id: 'ae0c958d28ec4bcf4bb1220136afd8cf') in 0.025471 seconds 
========================================================================
Received Import Request.
  Time since last request: 0.000031 seconds.
  path: Packages/com.unity.collab-proxy/Editor/PlasticSCM/Assets/Images/d_cloudbuhoshechristmas.png
  artifactKey: Guid(9c0d6ec706e01ce448aea81584af092b) Importer(815301076,1909f56bfc062723c751e8b465ee728b)
Start importing Packages/com.unity.collab-proxy/Editor/PlasticSCM/Assets/Images/d_cloudbuhoshechristmas.png using Guid(9c0d6ec706e01ce448aea81584af092b) Importer(815301076,1909f56bfc062723c751e8b465ee728b)  -> (artifact id: '54b687811c5f12f68875f5279e7a1ba1') in 0.051848 seconds 
========================================================================
Received Import Request.
  Time since last request: 0.000040 seconds.
  path: Assets/Assets_DevilsWorkshop/2D/View-Ortho/images/stool0003.png
  artifactKey: Guid(4e90fd038ed832349a9528bb0c2f4dae) Importer(815301076,1909f56bfc062723c751e8b465ee728b)
Start importing Assets/Assets_DevilsWorkshop/2D/View-Ortho/images/stool0003.png using Guid(4e90fd038ed832349a9528bb0c2f4dae) Importer(815301076,1909f56bfc062723c751e8b465ee728b)  -> (artifact id: 'e21a1471f0901962d47fd04c67de3db0') in 0.030796 seconds 
========================================================================
Received Import Request.
  Time since last request: 0.000041 seconds.
  path: Packages/com.unity.collab-proxy/Editor/PlasticSCM/Assets/Images/d_colorbuho.png
  artifactKey: Guid(3a0c527d7f890d64a9b56b086e6e766a) Importer(815301076,1909f56bfc062723c751e8b465ee728b)
Start importing Packages/com.unity.collab-proxy/Editor/PlasticSCM/Assets/Images/d_colorbuho.png using Guid(3a0c527d7f890d64a9b56b086e6e766a) Importer(815301076,1909f56bfc062723c751e8b465ee728b)  -> (artifact id: '62da446a080d51c9cc1fdf70f1aa0809') in 0.039532 seconds 
========================================================================
Received Import Request.
  Time since last request: 0.000029 seconds.
  path: Packages/com.unity.collab-proxy/Editor/PlasticSCM/Assets/Images/d_iconbranch@2x.png
  artifactKey: Guid(874d8401331ede14087e8d8d486ddda6) Importer(815301076,1909f56bfc062723c751e8b465ee728b)
Start importing Packages/com.unity.collab-proxy/Editor/PlasticSCM/Assets/Images/d_iconbranch@2x.png using Guid(874d8401331ede14087e8d8d486ddda6) Importer(815301076,1909f56bfc062723c751e8b465ee728b)  -> (artifact id: 'a256487287c19d3d35346c72ca3026bf') in 0.031250 seconds 
========================================================================
Received Import Request.
  Time since last request: 0.000022 seconds.
  path: Assets/Assets_DevilsWorkshop/2D/View-Ortho/JPGA/ground01Cracked0002_jpga.png
  artifactKey: Guid(c3a6fb975de91ec41889623c3c7423bc) Importer(815301076,1909f56bfc062723c751e8b465ee728b)
Start importing Assets/Assets_DevilsWorkshop/2D/View-Ortho/JPGA/ground01Cracked0002_jpga.png using Guid(c3a6fb975de91ec41889623c3c7423bc) Importer(815301076,1909f56bfc062723c751e8b465ee728b)  -> (artifact id: '193386835818c5646cb56431a01a73db') in 0.026157 seconds 
========================================================================
Received Import Request.
  Time since last request: 0.000024 seconds.
  path: Packages/com.unity.collab-proxy/Editor/Collaborate/Assets/Icons/choose-mine-dark.png
  artifactKey: Guid(a972d8b163b45d54b89085acf50327e8) Importer(815301076,1909f56bfc062723c751e8b465ee728b)
Start importing Packages/com.unity.collab-proxy/Editor/Collaborate/Assets/Icons/choose-mine-dark.png using Guid(a972d8b163b45d54b89085acf50327e8) Importer(815301076,1909f56bfc062723c751e8b465ee728b)  -> (artifact id: 'd58750bf55b6b656c85f7f4671946cd6') in 0.027085 seconds 
========================================================================
Received Import Request.
  Time since last request: 0.000033 seconds.
  path: Packages/com.unity.inputsystem/InputSystem/Editor/Icons/ChevronUp.png
  artifactKey: Guid(a9fe7c3d19af4432b9ae2a5172f4ea72) Importer(815301076,1909f56bfc062723c751e8b465ee728b)
Start importing Packages/com.unity.inputsystem/InputSystem/Editor/Icons/ChevronUp.png using Guid(a9fe7c3d19af4432b9ae2a5172f4ea72) Importer(815301076,1909f56bfc062723c751e8b465ee728b)  -> (artifact id: '12a3457189524d528a3983a4095c2d6f') in 0.028813 seconds 
========================================================================
Received Import Request.
  Time since last request: 0.000035 seconds.
  path: Packages/com.unity.collab-proxy/Editor/Collaborate/Assets/Layouts/StartPageView.uxml
  artifactKey: Guid(b25da32608546214ca8e4abbc2025f77) Importer(815301076,1909f56bfc062723c751e8b465ee728b)
Start importing Packages/com.unity.collab-proxy/Editor/Collaborate/Assets/Layouts/StartPageView.uxml using Guid(b25da32608546214ca8e4abbc2025f77) Importer(815301076,1909f56bfc062723c751e8b465ee728b)  -> (artifact id: 'df55311d8da876766dcf9e9567342618') in 0.025084 seconds 
========================================================================
Received Import Request.
  Time since last request: 0.000025 seconds.
  path: Assets/Assets_DevilsWorkshop/2D/View-Ortho/JPGA/wallChain0001_jpga.png
  artifactKey: Guid(8c3b70a9e2687784bbf4bf95a6f98141) Importer(815301076,1909f56bfc062723c751e8b465ee728b)
Start importing Assets/Assets_DevilsWorkshop/2D/View-Ortho/JPGA/wallChain0001_jpga.png using Guid(8c3b70a9e2687784bbf4bf95a6f98141) Importer(815301076,1909f56bfc062723c751e8b465ee728b)  -> (artifact id: '33952a15cce208d5ef2d32d447de7c87') in 0.029521 seconds 
========================================================================
Received Import Request.
  Time since last request: 0.000076 seconds.
  path: Assets/Assets_DevilsWorkshop/2D/View-Ortho/JPGA/wallEarth01_0002_jpga.png
  artifactKey: Guid(89861747d1929014790cce4ec9d17fe8) Importer(815301076,1909f56bfc062723c751e8b465ee728b)
Start importing Assets/Assets_DevilsWorkshop/2D/View-Ortho/JPGA/wallEarth01_0002_jpga.png using Guid(89861747d1929014790cce4ec9d17fe8) Importer(815301076,1909f56bfc062723c751e8b465ee728b)  -> (artifact id: 'fdb96b7b1cb03051516ec7b505c1660c') in 0.026545 seconds 
========================================================================
Received Import Request.
  Time since last request: 0.000031 seconds.
  path: Assets/Assets_DevilsWorkshop/2D/View-Ortho/images/stool0002.png
  artifactKey: Guid(c8b7e5850c892da469ae163fb82fecea) Importer(815301076,1909f56bfc062723c751e8b465ee728b)
Start importing Assets/Assets_DevilsWorkshop/2D/View-Ortho/images/stool0002.png using Guid(c8b7e5850c892da469ae163fb82fecea) Importer(815301076,1909f56bfc062723c751e8b465ee728b)  -> (artifact id: '308825ba7570e1631009d31642869a12') in 0.031241 seconds 
========================================================================
Received Import Request.
  Time since last request: 0.000027 seconds.
  path: Assets/Assets_DevilsWorkshop/2D/View-Ortho/JPGA/coinProcJam0003_jpga.png
  artifactKey: Guid(eb039e72b06abae4b962f75c1d150f76) Importer(815301076,1909f56bfc062723c751e8b465ee728b)
Start importing Assets/Assets_DevilsWorkshop/2D/View-Ortho/JPGA/coinProcJam0003_jpga.png using Guid(eb039e72b06abae4b962f75c1d150f76) Importer(815301076,1909f56bfc062723c751e8b465ee728b)  -> (artifact id: '4b4d67d8f46682af4c9180b53c7dd810') in 0.026530 seconds 
========================================================================
Received Import Request.
  Time since last request: 0.000042 seconds.
  path: Assets/Assets_DevilsWorkshop/2D/View-Ortho/images/ground01Cracked0005.png
  artifactKey: Guid(6d4e2d71d3f89244a815545026c0a6f5) Importer(815301076,1909f56bfc062723c751e8b465ee728b)
Start importing Assets/Assets_DevilsWorkshop/2D/View-Ortho/images/ground01Cracked0005.png using Guid(6d4e2d71d3f89244a815545026c0a6f5) Importer(815301076,1909f56bfc062723c751e8b465ee728b)  -> (artifact id: 'e3040ef690e3001ed1520053d8509447') in 0.033002 seconds 
========================================================================
Received Import Request.
  Time since last request: 0.000039 seconds.
  path: Assets/Assets_DevilsWorkshop/2D/View-Ortho/JPGA/wallChain0003_jpga.png
  artifactKey: Guid(a303452386240c445bed7e174c62e1cd) Importer(815301076,1909f56bfc062723c751e8b465ee728b)
Start importing Assets/Assets_DevilsWorkshop/2D/View-Ortho/JPGA/wallChain0003_jpga.png using Guid(a303452386240c445bed7e174c62e1cd) Importer(815301076,1909f56bfc062723c751e8b465ee728b)  -> (artifact id: 'ee5d07b78d43d090e42ab1f8e7d13027') in 0.027454 seconds 
========================================================================
Received Import Request.
  Time since last request: 0.000025 seconds.
  path: Packages/com.unity.collab-proxy/Editor/Collaborate/Assets/Icons/added-file-dark.png
  artifactKey: Guid(1a4f52b613391cd449af3ad2e44affeb) Importer(815301076,1909f56bfc062723c751e8b465ee728b)
Start importing Packages/com.unity.collab-proxy/Editor/Collaborate/Assets/Icons/added-file-dark.png using Guid(1a4f52b613391cd449af3ad2e44affeb) Importer(815301076,1909f56bfc062723c751e8b465ee728b)  -> (artifact id: '6e20e845050b7544aca0ca3418b7fc8d') in 0.025523 seconds 
========================================================================
Received Import Request.
  Time since last request: 0.000038 seconds.
  path: Packages/com.unity.timeline/Editor/StyleSheets/Images/DarkSkin/TimelineDisabledBackground.png
  artifactKey: Guid(412f73153f3a3c549b67b2a847741145) Importer(815301076,1909f56bfc062723c751e8b465ee728b)
Start importing Packages/com.unity.timeline/Editor/StyleSheets/Images/DarkSkin/TimelineDisabledBackground.png using Guid(412f73153f3a3c549b67b2a847741145) Importer(815301076,1909f56bfc062723c751e8b465ee728b)  -> (artifact id: '3787341b3d23721d84e5d60d1e59ef8d') in 0.027299 seconds 
========================================================================
Received Import Request.
  Time since last request: 0.000025 seconds.
  path: Packages/com.unity.collab-proxy/Editor/Collaborate/Assets/Styles/StartPageView.uss
  artifactKey: Guid(a06574b6de1fa064e95a5635a03b712d) Importer(815301076,1909f56bfc062723c751e8b465ee728b)
Start importing Packages/com.unity.collab-proxy/Editor/Collaborate/Assets/Styles/StartPageView.uss using Guid(a06574b6de1fa064e95a5635a03b712d) Importer(815301076,1909f56bfc062723c751e8b465ee728b)  -> (artifact id: '67d5513992a70e178715dde156942f4e') in 0.012422 seconds 
========================================================================
Received Import Request.
  Time since last request: 0.000032 seconds.
  path: Packages/com.unity.inputsystem/InputSystem/Editor/Icons/ChevronDown@3x.png
  artifactKey: Guid(985cbca1705a64c80b370afdb30b3ee7) Importer(815301076,1909f56bfc062723c751e8b465ee728b)
Start importing Packages/com.unity.inputsystem/InputSystem/Editor/Icons/ChevronDown@3x.png using Guid(985cbca1705a64c80b370afdb30b3ee7) Importer(815301076,1909f56bfc062723c751e8b465ee728b)  -> (artifact id: '8d3e8b1094bbab19fe2e1855249ade5e') in 0.026872 seconds 
========================================================================
Received Import Request.
  Time since last request: 0.000033 seconds.
  path: Packages/com.unity.inputsystem/InputSystem/Editor/Icons/ChevronDown@4x.png
  artifactKey: Guid(d1acbe0a708dc40dc80254764e67ecfa) Importer(815301076,1909f56bfc062723c751e8b465ee728b)
Start importing Packages/com.unity.inputsystem/InputSystem/Editor/Icons/ChevronDown@4x.png using Guid(d1acbe0a708dc40dc80254764e67ecfa) Importer(815301076,1909f56bfc062723c751e8b465ee728b)  -> (artifact id: '163fcdfe0b7b4a2df38e821db4ec3edc') in 0.026224 seconds 
========================================================================
Received Import Request.
  Time since last request: 0.096857 seconds.
  path: Assets/Assets_DevilsWorkshop/2D/View-Ortho/JPGA/water01_0007_jpga.png
  artifactKey: Guid(dfb7e6ec2fa338f48b2692c6dc696010) Importer(815301076,1909f56bfc062723c751e8b465ee728b)
Start importing Assets/Assets_DevilsWorkshop/2D/View-Ortho/JPGA/water01_0007_jpga.png using Guid(dfb7e6ec2fa338f48b2692c6dc696010) Importer(815301076,1909f56bfc062723c751e8b465ee728b)  -> (artifact id: '1559fc6b888491bca38ae9b67bda9db2') in 0.028520 seconds 
========================================================================
Received Import Request.
  Time since last request: 0.000033 seconds.
  path: Assets/Assets_DevilsWorkshop/3D/Materials/waterA.mat
  artifactKey: Guid(140f173ccc3d652479d02bfedd649d03) Importer(815301076,1909f56bfc062723c751e8b465ee728b)
Start importing Assets/Assets_DevilsWorkshop/3D/Materials/waterA.mat using Guid(140f173ccc3d652479d02bfedd649d03) Importer(815301076,1909f56bfc062723c751e8b465ee728b)  -> (artifact id: 'daa30e3163b1f7eb69e8adb2724bdf18') in 0.079034 seconds 
========================================================================
Received Import Request.
  Time since last request: 0.000034 seconds.
  path: Assets/Assets_DevilsWorkshop/2D/View-Ortho/images/trapdoorMetal0000.png
  artifactKey: Guid(f6172f100a3525c41a1185a61cb7ae46) Importer(815301076,1909f56bfc062723c751e8b465ee728b)
Start importing Assets/Assets_DevilsWorkshop/2D/View-Ortho/images/trapdoorMetal0000.png using Guid(f6172f100a3525c41a1185a61cb7ae46) Importer(815301076,1909f56bfc062723c751e8b465ee728b)  -> (artifact id: 'a01ff788a1a8153b3e62724ecf01534e') in 0.032810 seconds 
========================================================================
Received Import Request.
  Time since last request: 0.000048 seconds.
  path: Assets/Assets_DevilsWorkshop/2D/View-Ortho/JPGA/trapdoorMetal0000_jpga.png
  artifactKey: Guid(9687cbcc2d8773b47999cb0846b2ad8b) Importer(815301076,1909f56bfc062723c751e8b465ee728b)
Start importing Assets/Assets_DevilsWorkshop/2D/View-Ortho/JPGA/trapdoorMetal0000_jpga.png using Guid(9687cbcc2d8773b47999cb0846b2ad8b) Importer(815301076,1909f56bfc062723c751e8b465ee728b)  -> (artifact id: 'c9e7a7586a40f0d64e0c76b03c160d8f') in 0.028657 seconds 
========================================================================
Received Import Request.
  Time since last request: 0.000028 seconds.
  path: Assets/Assets_DevilsWorkshop/2D/View-Ortho/JPGA/wallSpike02_0007_jpga.png
  artifactKey: Guid(1abd10af1aac9d54299079fbdbe4613e) Importer(815301076,1909f56bfc062723c751e8b465ee728b)
Start importing Assets/Assets_DevilsWorkshop/2D/View-Ortho/JPGA/wallSpike02_0007_jpga.png using Guid(1abd10af1aac9d54299079fbdbe4613e) Importer(815301076,1909f56bfc062723c751e8b465ee728b)  -> (artifact id: '42fd792de9dfdd7f9be61e422288caaa') in 0.029013 seconds 
========================================================================
Received Import Request.
  Time since last request: 0.000032 seconds.
  path: Assets/Assets_DevilsWorkshop/2D/View-Ortho/JPGA/wallStonePlatform0003_jpga.png
  artifactKey: Guid(59d37ded3987a214c953808b522b8f2d) Importer(815301076,1909f56bfc062723c751e8b465ee728b)
Start importing Assets/Assets_DevilsWorkshop/2D/View-Ortho/JPGA/wallStonePlatform0003_jpga.png using Guid(59d37ded3987a214c953808b522b8f2d) Importer(815301076,1909f56bfc062723c751e8b465ee728b)  -> (artifact id: 'fbd278ba544f547c69ca883fd03c5bc1') in 0.028166 seconds 
========================================================================
Received Import Request.
  Time since last request: 0.000039 seconds.
  path: Assets/Assets_DevilsWorkshop/3D/Textures/trapdoorMetal.png
  artifactKey: Guid(e86f84d578686864fbefbf6d5e3884e5) Importer(815301076,1909f56bfc062723c751e8b465ee728b)
Start importing Assets/Assets_DevilsWorkshop/3D/Textures/trapdoorMetal.png using Guid(e86f84d578686864fbefbf6d5e3884e5) Importer(815301076,1909f56bfc062723c751e8b465ee728b)  -> (artifact id: 'e83b545fafdf64cb78bf12fde5940e5c') in 0.016000 seconds 
========================================================================
Received Import Request.
  Time since last request: 0.000026 seconds.
  path: Assets/TextMesh Pro/Shaders/TMPro.cginc
  artifactKey: Guid(407bc68d299748449bbf7f48ee690f8d) Importer(815301076,1909f56bfc062723c751e8b465ee728b)
Start importing Assets/TextMesh Pro/Shaders/TMPro.cginc using Guid(407bc68d299748449bbf7f48ee690f8d) Importer(815301076,1909f56bfc062723c751e8b465ee728b)  -> (artifact id: '9166bc1abaeb281fc6783cc3fe76c458') in 0.017669 seconds 
========================================================================
Received Import Request.
  Time since last request: 0.000029 seconds.
  path: Assets/Assets_DevilsWorkshop/2D/View-Ortho/JPGA/wallStone01_0000_jpga.png
  artifactKey: Guid(a72627cb3216784418d06073e1e3ae10) Importer(815301076,1909f56bfc062723c751e8b465ee728b)
Start importing Assets/Assets_DevilsWorkshop/2D/View-Ortho/JPGA/wallStone01_0000_jpga.png using Guid(a72627cb3216784418d06073e1e3ae10) Importer(815301076,1909f56bfc062723c751e8b465ee728b)  -> (artifact id: '95cc5e9e15652335d941dad2d5bdcc17') in 0.025949 seconds 
========================================================================
Received Import Request.
  Time since last request: 0.000034 seconds.
  path: Assets/Assets_DevilsWorkshop/2D/View-Ortho/JPGA/Sword0006_jpga.png
  artifactKey: Guid(d32e7b10e79e8124e8789af830b7c369) Importer(815301076,1909f56bfc062723c751e8b465ee728b)
Start importing Assets/Assets_DevilsWorkshop/2D/View-Ortho/JPGA/Sword0006_jpga.png using Guid(d32e7b10e79e8124e8789af830b7c369) Importer(815301076,1909f56bfc062723c751e8b465ee728b)  -> (artifact id: 'b76c0fdc7a4ad847ef5fdcca0acc80a6') in 0.028205 seconds 
========================================================================
Received Import Request.
  Time since last request: 0.000032 seconds.
  path: Assets/Assets_DevilsWorkshop/2D/View-Ortho/JPGA/Sword0007_jpga.png
  artifactKey: Guid(5fe2b38de3496dc47b27740e0c8c3ce3) Importer(815301076,1909f56bfc062723c751e8b465ee728b)
Start importing Assets/Assets_DevilsWorkshop/2D/View-Ortho/JPGA/Sword0007_jpga.png using Guid(5fe2b38de3496dc47b27740e0c8c3ce3) Importer(815301076,1909f56bfc062723c751e8b465ee728b)  -> (artifact id: 'e0db34c941bd10a90d871441327a9d87') in 0.027118 seconds 
========================================================================
Received Import Request.
  Time since last request: 0.000027 seconds.
  path: Assets/Assets_DevilsWorkshop/2D/View-Ortho/images/trapdoorMetal0001.png
  artifactKey: Guid(1ade695658b6bf54a9e388404c43ff8f) Importer(815301076,1909f56bfc062723c751e8b465ee728b)
Start importing Assets/Assets_DevilsWorkshop/2D/View-Ortho/images/trapdoorMetal0001.png using Guid(1ade695658b6bf54a9e388404c43ff8f) Importer(815301076,1909f56bfc062723c751e8b465ee728b)  -> (artifact id: '8fb2080d500fca1ac5ad5db87d80f102') in 0.038690 seconds 
========================================================================
Received Import Request.
  Time since last request: 0.000030 seconds.
  path: Packages/com.unity.collab-proxy/Editor/Collaborate/Assets/Styles/styles.uss
  artifactKey: Guid(c7accf430e3622a47899ea1ca1cb7d63) Importer(815301076,1909f56bfc062723c751e8b465ee728b)
Start importing Packages/com.unity.collab-proxy/Editor/Collaborate/Assets/Styles/styles.uss using Guid(c7accf430e3622a47899ea1ca1cb7d63) Importer(815301076,1909f56bfc062723c751e8b465ee728b)  -> (artifact id: 'cea33c15b31c15535f4052670b6aab28') in 0.020636 seconds 
========================================================================
Received Import Request.
  Time since last request: 0.000028 seconds.
  path: Assets/Assets_DevilsWorkshop/2D/View-Ortho/JPGA/torch0007_jpga.png
  artifactKey: Guid(48635266518493c4894d2106b4b89296) Importer(815301076,1909f56bfc062723c751e8b465ee728b)
Start importing Assets/Assets_DevilsWorkshop/2D/View-Ortho/JPGA/torch0007_jpga.png using Guid(48635266518493c4894d2106b4b89296) Importer(815301076,1909f56bfc062723c751e8b465ee728b)  -> (artifact id: '8664796a7e2366e9f3970ee693401376') in 0.028413 seconds 
========================================================================
Received Import Request.
  Time since last request: 0.000032 seconds.
  path: Packages/com.unity.inputsystem/InputSystem/Editor/Icons/Touch@2x.png
  artifactKey: Guid(82073a8bfd6b8488a89b8796d500d12d) Importer(815301076,1909f56bfc062723c751e8b465ee728b)
Start importing Packages/com.unity.inputsystem/InputSystem/Editor/Icons/Touch@2x.png using Guid(82073a8bfd6b8488a89b8796d500d12d) Importer(815301076,1909f56bfc062723c751e8b465ee728b)  -> (artifact id: '11873b6ed8a9cb04dea14629858fbe2c') in 0.027453 seconds 
========================================================================
Received Import Request.
  Time since last request: 0.000044 seconds.
  path: Assets/Assets_DevilsWorkshop/2D/View-Ortho/JPGA/wallSpike02_0006_jpga.png
  artifactKey: Guid(4783762d2eef0034e864daff71f64e70) Importer(815301076,1909f56bfc062723c751e8b465ee728b)
Start importing Assets/Assets_DevilsWorkshop/2D/View-Ortho/JPGA/wallSpike02_0006_jpga.png using Guid(4783762d2eef0034e864daff71f64e70) Importer(815301076,1909f56bfc062723c751e8b465ee728b)  -> (artifact id: '4859a33b86a9da555176164b2b38fbae') in 0.029789 seconds 
========================================================================
Received Import Request.
  Time since last request: 5.682307 seconds.
  path: Assets/Assets_DevilsWorkshop/2D/View-Ortho/JPGA/wallStonePlatform0000_jpga.png
  artifactKey: Guid(d2dd4cb08b2253945bf089b6e0901fb8) Importer(815301076,1909f56bfc062723c751e8b465ee728b)
Start importing Assets/Assets_DevilsWorkshop/2D/View-Ortho/JPGA/wallStonePlatform0000_jpga.png using Guid(d2dd4cb08b2253945bf089b6e0901fb8) Importer(815301076,1909f56bfc062723c751e8b465ee728b)  -> (artifact id: '621e00a7a4990492db325991a24c6ad4') in 0.031308 seconds 
========================================================================
Received Import Request.
  Time since last request: 0.000028 seconds.
  path: Packages/com.unity.collab-proxy/Editor/PlasticSCM/Unity.PlasticSCM.Editor.asmdef
  artifactKey: Guid(4b84427fd7ace4b4cb623ef8a46124ed) Importer(815301076,1909f56bfc062723c751e8b465ee728b)
Start importing Packages/com.unity.collab-proxy/Editor/PlasticSCM/Unity.PlasticSCM.Editor.asmdef using Guid(4b84427fd7ace4b4cb623ef8a46124ed) Importer(815301076,1909f56bfc062723c751e8b465ee728b)  -> (artifact id: '6ff2382948b68f993f130b2ddb9133eb') in 0.014611 seconds 
========================================================================
Received Import Request.
  Time since last request: 0.000048 seconds.
  path: Packages/com.unity.collab-proxy/Tests/Editor/PlasticSCM/Unity.PlasticSCM.EditorTests.asmdef
  artifactKey: Guid(d2a21ff323ae84455892cb5f59624640) Importer(815301076,1909f56bfc062723c751e8b465ee728b)
Start importing Packages/com.unity.collab-proxy/Tests/Editor/PlasticSCM/Unity.PlasticSCM.EditorTests.asmdef using Guid(d2a21ff323ae84455892cb5f59624640) Importer(815301076,1909f56bfc062723c751e8b465ee728b)  -> (artifact id: '155847655ab774f366fbc86e220bb7d7') in 0.010702 seconds 
========================================================================
Received Import Request.
  Time since last request: 0.000033 seconds.
  path: Assets/Assets_DevilsWorkshop/2D/View-Ortho/JPGA/player3_0007_jpga.png
  artifactKey: Guid(2f51460bc9cb1f947b173cf31b354da3) Importer(815301076,1909f56bfc062723c751e8b465ee728b)
Start importing Assets/Assets_DevilsWorkshop/2D/View-Ortho/JPGA/player3_0007_jpga.png using Guid(2f51460bc9cb1f947b173cf31b354da3) Importer(815301076,1909f56bfc062723c751e8b465ee728b)  -> (artifact id: '0cbf356f4dfabc4bcf30da5425ac8f71') in 0.028938 seconds 
========================================================================
Received Import Request.
  Time since last request: 0.000027 seconds.
  path: Assets/Assets_DevilsWorkshop/2D/View-Ortho/JPGA/player1_0006_jpga.png
  artifactKey: Guid(c8d22b1ce7cb96f4185bc514f92f2cb1) Importer(815301076,1909f56bfc062723c751e8b465ee728b)
Start importing Assets/Assets_DevilsWorkshop/2D/View-Ortho/JPGA/player1_0006_jpga.png using Guid(c8d22b1ce7cb96f4185bc514f92f2cb1) Importer(815301076,1909f56bfc062723c751e8b465ee728b)  -> (artifact id: '9459be7646506c148c3dc22ba8d4a411') in 0.031346 seconds 
========================================================================
Received Import Request.
  Time since last request: 0.000035 seconds.
  path: Packages/com.unity.services.core/Editor/Core/UiHelpers/UXML/PlatformSupportVisual.uxml
  artifactKey: Guid(3ec1058b5f6b14ce3ad4b976c291d834) Importer(815301076,1909f56bfc062723c751e8b465ee728b)
Start importing Packages/com.unity.services.core/Editor/Core/UiHelpers/UXML/PlatformSupportVisual.uxml using Guid(3ec1058b5f6b14ce3ad4b976c291d834) Importer(815301076,1909f56bfc062723c751e8b465ee728b)  -> (artifact id: '6067f8524e4ddfc45c1c421f33c0bd74') in 0.020155 seconds 
========================================================================
Received Import Request.
  Time since last request: 0.000024 seconds.
  path: Packages/com.unity.services.core/Editor/Core/UiHelpers/USS/PlatformSupportVisualLight.uss
  artifactKey: Guid(c56cb2f61c79e4427b47e2dedd499d46) Importer(815301076,1909f56bfc062723c751e8b465ee728b)
Start importing Packages/com.unity.services.core/Editor/Core/UiHelpers/USS/PlatformSupportVisualLight.uss using Guid(c56cb2f61c79e4427b47e2dedd499d46) Importer(815301076,1909f56bfc062723c751e8b465ee728b)  -> (artifact id: '9d3ba4b88de99029a9aced1ebde00d3a') in 0.021617 seconds 
========================================================================
Received Import Request.
  Time since last request: 0.000029 seconds.
  path: Packages/com.unity.collab-proxy/Editor/PlasticSCM/Assets/Styles/PlasticWindow/PlasticWindow.light.uss
  artifactKey: Guid(a2f1c1d1d67a2ff4e9db53ae0475bab1) Importer(815301076,1909f56bfc062723c751e8b465ee728b)
Start importing Packages/com.unity.collab-proxy/Editor/PlasticSCM/Assets/Styles/PlasticWindow/PlasticWindow.light.uss using Guid(a2f1c1d1d67a2ff4e9db53ae0475bab1) Importer(815301076,1909f56bfc062723c751e8b465ee728b)  -> (artifact id: 'ac982a995d9dbeac28089b6a1be36bf1') in 0.017719 seconds 
========================================================================
Received Import Request.
  Time since last request: 0.000034 seconds.
  path: Packages/com.unity.collab-proxy/Editor/PlasticSCM/Assets/Images/d_iconplasticnotifyconflict.png
  artifactKey: Guid(51582ae5ea51fa14996791a550f89473) Importer(815301076,1909f56bfc062723c751e8b465ee728b)
Start importing Packages/com.unity.collab-proxy/Editor/PlasticSCM/Assets/Images/d_iconplasticnotifyconflict.png using Guid(51582ae5ea51fa14996791a550f89473) Importer(815301076,1909f56bfc062723c751e8b465ee728b)  -> (artifact id: 'a276b0945b5afd326c18421e380c0806') in 0.029771 seconds 
========================================================================
Received Import Request.
  Time since last request: 0.000062 seconds.
  path: Packages/com.unity.collab-proxy/Editor/PlasticSCM/Assets/Styles/PlasticWindow/PlasticWindow.dark.uss
  artifactKey: Guid(4d86c0522b1621f429b550217af2797d) Importer(815301076,1909f56bfc062723c751e8b465ee728b)
Start importing Packages/com.unity.collab-proxy/Editor/PlasticSCM/Assets/Styles/PlasticWindow/PlasticWindow.dark.uss using Guid(4d86c0522b1621f429b550217af2797d) Importer(815301076,1909f56bfc062723c751e8b465ee728b)  -> (artifact id: 'ed29c47db4ca3d7451033bc41a2deccf') in 0.017814 seconds 
========================================================================
Received Import Request.
  Time since last request: 0.000026 seconds.
  path: Packages/com.unity.collab-proxy/Editor/PlasticSCM/Assets/Layouts/TurnOffPlasticWindow.uxml
  artifactKey: Guid(31a577f9e6c336e40901eb20082e06a0) Importer(815301076,1909f56bfc062723c751e8b465ee728b)
Start importing Packages/com.unity.collab-proxy/Editor/PlasticSCM/Assets/Layouts/TurnOffPlasticWindow.uxml using Guid(31a577f9e6c336e40901eb20082e06a0) Importer(815301076,1909f56bfc062723c751e8b465ee728b)  -> (artifact id: '77f4edef9d0c1f0c25a4210b255af48e') in 0.019379 seconds 
========================================================================
Received Import Request.
  Time since last request: 0.000049 seconds.
  path: Assets/Assets_DevilsWorkshop/2D/View-Ortho/JPGA/player2_0004_jpga.png
  artifactKey: Guid(73fc15b77e3f2a04090eec8715a137fa) Importer(815301076,1909f56bfc062723c751e8b465ee728b)
Start importing Assets/Assets_DevilsWorkshop/2D/View-Ortho/JPGA/player2_0004_jpga.png using Guid(73fc15b77e3f2a04090eec8715a137fa) Importer(815301076,1909f56bfc062723c751e8b465ee728b)  -> (artifact id: '4cf18422e9a83709f2e7629426bf96db') in 0.025139 seconds 
========================================================================
Received Import Request.
  Time since last request: 10.948921 seconds.
  path: Assets/Assets_DevilsWorkshop/2D/View-Ortho/JPGA/player3_0006_jpga.png
  artifactKey: Guid(1cb9c4c62535ef14a9125815b07533c9) Importer(815301076,1909f56bfc062723c751e8b465ee728b)
Start importing Assets/Assets_DevilsWorkshop/2D/View-Ortho/JPGA/player3_0006_jpga.png using Guid(1cb9c4c62535ef14a9125815b07533c9) Importer(815301076,1909f56bfc062723c751e8b465ee728b)  -> (artifact id: '0b24c50b5e6dd9b3b4c80a532986ec05') in 0.028667 seconds 
Editor requested this worker to shutdown with reason: Scaling down because of idle timeout
AssetImportWorker is now disconnected from the server
Process exiting
Exiting without the bug reporter. Application will terminate with return code 0